2018-11-08 09:38:44.018 DEBUG 6552 --- [main] o.s.w.c.s.StandardServletEnvironment     : Adding PropertySource 'servletConfigInitParams' with lowest search precedence
2018-11-08 09:38:44.026 DEBUG 6552 --- [main] o.s.w.c.s.StandardServletEnvironment     : Adding PropertySource 'servletContextInitParams' with lowest search precedence
2018-11-08 09:38:44.029 DEBUG 6552 --- [main] o.s.w.c.s.StandardServletEnvironment     : Adding PropertySource 'systemProperties' with lowest search precedence
2018-11-08 09:38:44.029 DEBUG 6552 --- [main] o.s.w.c.s.StandardServletEnvironment     : Adding PropertySource 'systemEnvironment' with lowest search precedence
2018-11-08 09:38:44.029 DEBUG 6552 --- [main] o.s.w.c.s.StandardServletEnvironment     : Initialized StandardServletEnvironment with PropertySources [StubPropertySource {name='servletConfigInitParams'}, StubPropertySource {name='servletContextInitParams'}, MapPropertySource {name='systemProperties'}, SystemEnvironmentPropertySource {name='systemEnvironment'}]
2018-11-08 09:38:44.052  INFO 6552 --- [main] c.g.springbootdemo2.dao.StudentDaoTest   : Starting StudentDaoTest on W with PID 6552 (started by Administrator in F:\格力电器项目\服务器项目\JavaProject\springbootdemo2)
2018-11-08 09:38:44.052  INFO 6552 --- [main] c.g.springbootdemo2.dao.StudentDaoTest   : The following profiles are active: development,developementolder
2018-11-08 09:38:44.077  INFO 6552 --- [main] o.s.w.c.s.GenericWebApplicationContext   : Refreshing org.springframework.web.context.support.GenericWebApplicationContext@1750fbeb: startup date [Thu Nov 08 09:38:44 CST 2018]; root of context hierarchy
2018-11-08 09:38:44.077 DEBUG 6552 --- [main] o.s.w.c.s.GenericWebApplicationContext   : Bean factory for org.springframework.web.context.support.GenericWebApplicationContext@1750fbeb: org.springframework.beans.factory.support.DefaultListableBeanFactory@5e21e98f: defining beans [org.springframework.boot.test.mock.mockito.MockitoPostProcessor$SpyPostProcessor,org.springframework.boot.test.mock.mockito.MockitoPostProcessor,org.springframework.context.annotation.internalConfigurationAnnotationProcessor,org.springframework.context.annotation.internalAutowiredAnnotationProcessor,org.springframework.context.annotation.internalRequiredAnnotationProcessor,org.springframework.context.annotation.internalCommonAnnotationProcessor,org.springframework.context.annotation.internalPersistenceAnnotationProcessor,org.springframework.context.event.internalEventListenerProcessor,org.springframework.context.event.internalEventListenerFactory,springbootdemo2Application]; root of factory hierarchy
2018-11-08 09:38:44.560  WARN 6552 --- [main] o.m.s.mapper.ClassPathMapperScanner      : No MyBatis mapper was found in '[com.greer.springbootdemo2.dao.StudentDao]' package. Please check your configuration.
2018-11-08 09:38:44.632  INFO 6552 --- [main] o.s.b.f.s.DefaultListableBeanFactory     : Overriding bean definition for bean 'statFilter' with a different definition: replacing [Root bean: class [null]; scope=; abstract=false; lazyInit=false; autowireMode=3; dependencyCheck=0; autowireCandidate=true; primary=false; factoryBeanName=springbootdemo2Application; factoryMethodName=statFilter; initMethodName=null; destroyMethodName=(inferred); defined in com.greer.springbootdemo2.Springbootdemo2Application] with [Root bean: class [null]; scope=; abstract=false; lazyInit=false; autowireMode=3; dependencyCheck=0; autowireCandidate=true; primary=false; factoryBeanName=com.alibaba.druid.spring.boot.autoconfigure.stat.DruidFilterConfiguration; factoryMethodName=statFilter; initMethodName=null; destroyMethodName=(inferred); defined in class path resource [com/alibaba/druid/spring/boot/autoconfigure/stat/DruidFilterConfiguration.class]]
2018-11-08 09:38:44.648 DEBUG 6552 --- [main] o.m.s.b.a.MybatisAutoConfiguration       : Searching for mappers annotated with @Mapper
2018-11-08 09:38:44.649 DEBUG 6552 --- [main] o.m.s.b.a.MybatisAutoConfiguration       : Using auto-configuration base package 'com.greer.springbootdemo2'
2018-11-08 09:38:44.652 DEBUG 6552 --- [main] o.m.s.mapper.ClassPathMapperScanner      : Identified candidate component class: file [F:\格力电器项目\服务器项目\JavaProject\springbootdemo2\target\classes\com\greer\springbootdemo2\dao\StudentDao.class]
2018-11-08 09:38:44.655 DEBUG 6552 --- [main] o.m.s.mapper.ClassPathMapperScanner      : Creating MapperFactoryBean with name 'studentDao' and 'com.greer.springbootdemo2.dao.StudentDao' mapperInterface
2018-11-08 09:38:44.655 DEBUG 6552 --- [main] o.m.s.mapper.ClassPathMapperScanner      : Enabling autowire by type for MapperFactoryBean with name 'studentDao'.
2018-11-08 09:38:45.238  INFO 6552 --- [main] trationDelegate$BeanPostProcessorChecker : Bean 'org.springframework.transaction.annotation.ProxyTransactionManagementConfiguration' of type [org.springframework.transaction.annotation.ProxyTransactionManagementConfiguration$$EnhancerBySpringCGLIB$$ef793665] is not eligible for getting processed by all BeanPostProcessors (for example: not eligible for auto-proxying)
2018-11-08 09:38:45.276 DEBUG 6552 --- [main] o.s.w.c.s.GenericWebApplicationContext   : Unable to locate MessageSource with name 'messageSource': using default [org.springframework.context.support.DelegatingMessageSource@3bdb2c78]
2018-11-08 09:38:45.276 DEBUG 6552 --- [main] o.s.w.c.s.GenericWebApplicationContext   : Unable to locate ApplicationEventMulticaster with name 'applicationEventMulticaster': using default [org.springframework.context.event.SimpleApplicationEventMulticaster@64693226]
2018-11-08 09:38:45.286  INFO 6552 --- [main] c.a.d.s.b.a.DruidDataSourceAutoConfigure : Init DruidDataSource
2018-11-08 09:38:45.458  INFO 6552 --- [main] com.alibaba.druid.pool.DruidDataSource   : {dataSource-1} inited
2018-11-08 09:38:45.799  INFO 6552 --- [main] j.LocalContainerEntityManagerFactoryBean : Building JPA container EntityManagerFactory for persistence unit 'default'
2018-11-08 09:38:45.817  INFO 6552 --- [main] o.hibernate.jpa.internal.util.LogHelper  : HHH000204: Processing PersistenceUnitInfo [
	name: default
	...]
2018-11-08 09:38:45.875  INFO 6552 --- [main] org.hibernate.Version                    : HHH000412: Hibernate Core {5.2.17.Final}
2018-11-08 09:38:45.876  INFO 6552 --- [main] org.hibernate.cfg.Environment            : HHH000206: hibernate.properties not found
2018-11-08 09:38:45.913  INFO 6552 --- [main] o.hibernate.annotations.common.Version   : HCANN000001: Hibernate Commons Annotations {5.0.1.Final}
2018-11-08 09:38:46.012  INFO 6552 --- [main] org.hibernate.dialect.Dialect            : HHH000400: Using dialect: org.hibernate.dialect.MySQL5Dialect
2018-11-08 09:38:46.514  INFO 6552 --- [main] j.LocalContainerEntityManagerFactoryBean : Initialized JPA EntityManagerFactory for persistence unit 'default'
2018-11-08 09:38:46.527 DEBUG 6552 --- [main] com.greer.springbootdemo2.bean.Older     : hello,older
2018-11-08 09:38:46.607 DEBUG 6552 --- [main] com.greer.springbootdemo2.bean.Person    : 构造方法属性依赖注入
2018-11-08 09:38:46.610  INFO 6552 --- [main] com.greer.springbootdemo2.bean.Person    : person 属性依赖注入id 
2018-11-08 09:38:46.611 DEBUG 6552 --- [main] com.greer.springbootdemo2.bean.Person    : debug level log
2018-11-08 09:38:46.775 DEBUG 6552 --- [main] o.mybatis.spring.SqlSessionFactoryBean   : Parsed configuration file: 'class path resource [mybatis-config.xml]'
2018-11-08 09:38:46.775 DEBUG 6552 --- [main] o.mybatis.spring.SqlSessionFactoryBean   : Property 'mapperLocations' was not specified or no matching resources found
2018-11-08 09:38:47.105  INFO 6552 --- [main] o.h.h.i.QueryTranslatorFactoryInitiator  : HHH000397: Using ASTQueryTranslatorFactory
2018-11-08 09:38:47.503  INFO 6552 --- [main] o.s.w.s.handler.SimpleUrlHandlerMapping  : Mapped URL path [/**/favicon.ico] onto handler of type [class org.springframework.web.servlet.resource.ResourceHttpRequestHandler]
2018-11-08 09:38:47.807  INFO 6552 --- [main] s.w.s.m.m.a.RequestMappingHandlerAdapter : Looking for @ControllerAdvice: org.springframework.web.context.support.GenericWebApplicationContext@1750fbeb: startup date [Thu Nov 08 09:38:44 CST 2018]; root of context hierarchy
2018-11-08 09:38:47.841  WARN 6552 --- [main] aWebConfiguration$JpaWebMvcConfiguration : spring.jpa.open-in-view is enabled by default. Therefore, database queries may be performed during view rendering. Explicitly configure spring.jpa.open-in-view to disable this warning
2018-11-08 09:38:47.858 DEBUG 6552 --- [main] s.w.s.m.m.a.RequestMappingHandlerMapping : Looking for request mappings in application context: org.springframework.web.context.support.GenericWebApplicationContext@1750fbeb: startup date [Thu Nov 08 09:38:44 CST 2018]; root of context hierarchy
2018-11-08 09:38:47.864 DEBUG 6552 --- [main] s.w.s.m.m.a.RequestMappingHandlerMapping : 6 request handler methods found on class com.greer.springbootdemo2.controller.IndexController: {public java.lang.String com.greer.springbootdemo2.controller.IndexController.index(org.springframework.ui.Model,org.springframework.ui.ModelMap,org.springframework.web.servlet.mvc.support.RedirectAttributes)={[/springbootdemo02/coming]}, public java.lang.String com.greer.springbootdemo2.controller.IndexController.handler(java.lang.String)={[/springbootdemo02/result]}, public java.lang.String com.greer.springbootdemo2.controller.IndexController.druid()={[/springbootdemo02/hi]}, public com.greer.springbootdemo2.bean.Child com.greer.springbootdemo2.controller.IndexController.post(com.greer.springbootdemo2.bean.Child)={[/springbootdemo02/post],methods=[POST]}, public java.lang.String com.greer.springbootdemo2.controller.IndexController.handler2(java.lang.String)={[/springbootdemo02/anotherIndex]}, public java.lang.String com.greer.springbootdemo2.controller.IndexController.welcome()={[/springbootdemo02/welcome],methods=[GET]}}
2018-11-08 09:38:47.864  INFO 6552 --- [main] s.w.s.m.m.a.RequestMappingHandlerMapping : Mapped "{[/springbootdemo02/coming]}" onto public java.lang.String com.greer.springbootdemo2.controller.IndexController.index(org.springframework.ui.Model,org.springframework.ui.ModelMap,org.springframework.web.servlet.mvc.support.RedirectAttributes)
2018-11-08 09:38:47.865  INFO 6552 --- [main] s.w.s.m.m.a.RequestMappingHandlerMapping : Mapped "{[/springbootdemo02/result]}" onto public java.lang.String com.greer.springbootdemo2.controller.IndexController.handler(java.lang.String)
2018-11-08 09:38:47.865  INFO 6552 --- [main] s.w.s.m.m.a.RequestMappingHandlerMapping : Mapped "{[/springbootdemo02/hi]}" onto public java.lang.String com.greer.springbootdemo2.controller.IndexController.druid()
2018-11-08 09:38:47.865  INFO 6552 --- [main] s.w.s.m.m.a.RequestMappingHandlerMapping : Mapped "{[/springbootdemo02/post],methods=[POST]}" onto public com.greer.springbootdemo2.bean.Child com.greer.springbootdemo2.controller.IndexController.post(com.greer.springbootdemo2.bean.Child)
2018-11-08 09:38:47.865  INFO 6552 --- [main] s.w.s.m.m.a.RequestMappingHandlerMapping : Mapped "{[/springbootdemo02/anotherIndex]}" onto public java.lang.String com.greer.springbootdemo2.controller.IndexController.handler2(java.lang.String)
2018-11-08 09:38:47.866  INFO 6552 --- [main] s.w.s.m.m.a.RequestMappingHandlerMapping : Mapped "{[/springbootdemo02/welcome],methods=[GET]}" onto public java.lang.String com.greer.springbootdemo2.controller.IndexController.welcome()
2018-11-08 09:38:47.866 DEBUG 6552 --- [main] s.w.s.m.m.a.RequestMappingHandlerMapping : 1 request handler methods found on class com.greer.springbootdemo2.controller.MotherController: {public com.greer.springbootdemo2.bean.Mother com.greer.springbootdemo2.controller.MotherController.getMother(java.lang.Integer,org.springframework.ui.Model)={[/mother/{id}],produces=[application/json;charset=utf-8]}}
2018-11-08 09:38:47.866  INFO 6552 --- [main] s.w.s.m.m.a.RequestMappingHandlerMapping : Mapped "{[/mother/{id}],produces=[application/json;charset=utf-8]}" onto public com.greer.springbootdemo2.bean.Mother com.greer.springbootdemo2.controller.MotherController.getMother(java.lang.Integer,org.springframework.ui.Model)
2018-11-08 09:38:47.868 DEBUG 6552 --- [main] s.w.s.m.m.a.RequestMappingHandlerMapping : 2 request handler methods found on class org.springframework.boot.autoconfigure.web.servlet.error.BasicErrorController: {public org.springframework.http.ResponseEntity org.springframework.boot.autoconfigure.web.servlet.error.BasicErrorController.error(javax.servlet.http.HttpServletRequest)={[/error]}, public org.springframework.web.servlet.ModelAndView org.springframework.boot.autoconfigure.web.servlet.error.BasicErrorController.errorHtml(javax.servlet.http.HttpServletRequest,javax.servlet.http.HttpServletResponse)={[/error],produces=[text/html]}}
2018-11-08 09:38:47.868  INFO 6552 --- [main] s.w.s.m.m.a.RequestMappingHandlerMapping : Mapped "{[/error]}" onto public org.springframework.http.ResponseEntity<java.util.Map<java.lang.String, java.lang.Object>> org.springframework.boot.autoconfigure.web.servlet.error.BasicErrorController.error(javax.servlet.http.HttpServletRequest)
2018-11-08 09:38:47.868  INFO 6552 --- [main] s.w.s.m.m.a.RequestMappingHandlerMapping : Mapped "{[/error],produces=[text/html]}" onto public org.springframework.web.servlet.ModelAndView org.springframework.boot.autoconfigure.web.servlet.error.BasicErrorController.errorHtml(javax.servlet.http.HttpServletRequest,javax.servlet.http.HttpServletResponse)
2018-11-08 09:38:47.883 DEBUG 6552 --- [main] o.s.w.s.h.BeanNameUrlHandlerMapping      : Looking for URL mappings in application context: org.springframework.web.context.support.GenericWebApplicationContext@1750fbeb: startup date [Thu Nov 08 09:38:44 CST 2018]; root of context hierarchy
2018-11-08 09:38:47.883 DEBUG 6552 --- [main] o.s.w.s.h.BeanNameUrlHandlerMapping      : Rejected bean name 'org.springframework.boot.test.mock.mockito.MockitoPostProcessor$SpyPostProcessor': no URL paths identified
2018-11-08 09:38:47.883 DEBUG 6552 --- [main] o.s.w.s.h.BeanNameUrlHandlerMapping      : Rejected bean name 'org.springframework.boot.test.mock.mockito.MockitoPostProcessor': no URL paths identified
2018-11-08 09:38:47.883 DEBUG 6552 --- [main] o.s.w.s.h.BeanNameUrlHandlerMapping      : Rejected bean name 'org.springframework.context.annotation.internalConfigurationAnnotationProcessor': no URL paths identified
2018-11-08 09:38:47.884 DEBUG 6552 --- [main] o.s.w.s.h.BeanNameUrlHandlerMapping      : Rejected bean name 'org.springframework.context.annotation.internalAutowiredAnnotationProcessor': no URL paths identified
2018-11-08 09:38:47.884 DEBUG 6552 --- [main] o.s.w.s.h.BeanNameUrlHandlerMapping      : Rejected bean name 'org.springframework.context.annotation.internalRequiredAnnotationProcessor': no URL paths identified
2018-11-08 09:38:47.884 DEBUG 6552 --- [main] o.s.w.s.h.BeanNameUrlHandlerMapping      : Rejected bean name 'org.springframework.context.annotation.internalCommonAnnotationProcessor': no URL paths identified
2018-11-08 09:38:47.884 DEBUG 6552 --- [main] o.s.w.s.h.BeanNameUrlHandlerMapping      : Rejected bean name 'org.springframework.context.annotation.internalPersistenceAnnotationProcessor': no URL paths identified
2018-11-08 09:38:47.884 DEBUG 6552 --- [main] o.s.w.s.h.BeanNameUrlHandlerMapping      : Rejected bean name 'org.springframework.context.event.internalEventListenerProcessor': no URL paths identified
2018-11-08 09:38:47.884 DEBUG 6552 --- [main] o.s.w.s.h.BeanNameUrlHandlerMapping      : Rejected bean name 'org.springframework.context.event.internalEventListenerFactory': no URL paths identified
2018-11-08 09:38:47.884 DEBUG 6552 --- [main] o.s.w.s.h.BeanNameUrlHandlerMapping      : Rejected bean name 'springbootdemo2Application': no URL paths identified
2018-11-08 09:38:47.884 DEBUG 6552 --- [main] o.s.w.s.h.BeanNameUrlHandlerMapping      : Rejected bean name 'org.springframework.boot.autoconfigure.internalCachingMetadataReaderFactory': no URL paths identified
2018-11-08 09:38:47.884 DEBUG 6552 --- [main] o.s.w.s.h.BeanNameUrlHandlerMapping      : Rejected bean name 'man': no URL paths identified
2018-11-08 09:38:47.884 DEBUG 6552 --- [main] o.s.w.s.h.BeanNameUrlHandlerMapping      : Rejected bean name 'mother': no URL paths identified
2018-11-08 09:38:47.884 DEBUG 6552 --- [main] o.s.w.s.h.BeanNameUrlHandlerMapping      : Rejected bean name 'older': no URL paths identified
2018-11-08 09:38:47.884 DEBUG 6552 --- [main] o.s.w.s.h.BeanNameUrlHandlerMapping      : Rejected bean name 'person.Man': no URL paths identified
2018-11-08 09:38:47.884 DEBUG 6552 --- [main] o.s.w.s.h.BeanNameUrlHandlerMapping      : Rejected bean name 'person': no URL paths identified
2018-11-08 09:38:47.884 DEBUG 6552 --- [main] o.s.w.s.h.BeanNameUrlHandlerMapping      : Rejected bean name 'student': no URL paths identified
2018-11-08 09:38:47.884 DEBUG 6552 --- [main] o.s.w.s.h.BeanNameUrlHandlerMapping      : Rejected bean name 'myBatisUtil': no URL paths identified
2018-11-08 09:38:47.884 DEBUG 6552 --- [main] o.s.w.s.h.BeanNameUrlHandlerMapping      : Rejected bean name 'indexController': no URL paths identified
2018-11-08 09:38:47.884 DEBUG 6552 --- [main] o.s.w.s.h.BeanNameUrlHandlerMapping      : Rejected bean name 'motherController': no URL paths identified
2018-11-08 09:38:47.884 DEBUG 6552 --- [main] o.s.w.s.h.BeanNameUrlHandlerMapping      : Rejected bean name 'httpFastJson': no URL paths identified
2018-11-08 09:38:47.884 DEBUG 6552 --- [main] o.s.w.s.h.BeanNameUrlHandlerMapping      : Rejected bean name 'jsonTransformer': no URL paths identified
2018-11-08 09:38:47.884 DEBUG 6552 --- [main] o.s.w.s.h.BeanNameUrlHandlerMapping      : Rejected bean name 'myExceptionHandler': no URL paths identified
2018-11-08 09:38:47.884 DEBUG 6552 --- [main] o.s.w.s.h.BeanNameUrlHandlerMapping      : Rejected bean name 'staticResourceConfig': no URL paths identified
2018-11-08 09:38:47.884 DEBUG 6552 --- [main] o.s.w.s.h.BeanNameUrlHandlerMapping      : Rejected bean name 'motherServiceImpl': no URL paths identified
2018-11-08 09:38:47.884 DEBUG 6552 --- [main] o.s.w.s.h.BeanNameUrlHandlerMapping      : Rejected bean name 'IStudentService': no URL paths identified
2018-11-08 09:38:47.885 DEBUG 6552 --- [main] o.s.w.s.h.BeanNameUrlHandlerMapping      : Rejected bean name 'createChild': no URL paths identified
2018-11-08 09:38:47.885 DEBUG 6552 --- [main] o.s.w.s.h.BeanNameUrlHandlerMapping      : Rejected bean name 'httpMessageConverters': no URL paths identified
2018-11-08 09:38:47.885 DEBUG 6552 --- [main] o.s.w.s.h.BeanNameUrlHandlerMapping      : Rejected bean name 'statViewServle': no URL paths identified
2018-11-08 09:38:47.885 DEBUG 6552 --- [main] o.s.w.s.h.BeanNameUrlHandlerMapping      : Rejected bean name 'statFilter': no URL paths identified
2018-11-08 09:38:47.885 DEBUG 6552 --- [main] o.s.w.s.h.BeanNameUrlHandlerMapping      : Rejected bean name 'getWorld': no URL paths identified
2018-11-08 09:38:47.885 DEBUG 6552 --- [main] o.s.w.s.h.BeanNameUrlHandlerMapping      : Rejected bean name 'getSpringUnit': no URL paths identified
2018-11-08 09:38:47.885 DEBUG 6552 --- [main] o.s.w.s.h.BeanNameUrlHandlerMapping      : Rejected bean name 'org.springframework.boot.autoconfigure.AutoConfigurationPackages': no URL paths identified
2018-11-08 09:38:47.885 DEBUG 6552 --- [main] o.s.w.s.h.BeanNameUrlHandlerMapping      : Rejected bean name 'org.springframework.boot.autoconfigure.context.PropertyPlaceholderAutoConfiguration': no URL paths identified
2018-11-08 09:38:47.885 DEBUG 6552 --- [main] o.s.w.s.h.BeanNameUrlHandlerMapping      : Rejected bean name 'org.springframework.boot.autoconfigure.condition.BeanTypeRegistry': no URL paths identified
2018-11-08 09:38:47.885 DEBUG 6552 --- [main] o.s.w.s.h.BeanNameUrlHandlerMapping      : Rejected bean name 'propertySourcesPlaceholderConfigurer': no URL paths identified
2018-11-08 09:38:47.885 DEBUG 6552 --- [main] o.s.w.s.h.BeanNameUrlHandlerMapping      : Rejected bean name 'org.springframework.boot.autoconfigure.websocket.servlet.WebSocketServletAutoConfiguration$TomcatWebSocketConfiguration': no URL paths identified
2018-11-08 09:38:47.885 DEBUG 6552 --- [main] o.s.w.s.h.BeanNameUrlHandlerMapping      : Rejected bean name 'websocketContainerCustomizer': no URL paths identified
2018-11-08 09:38:47.885 DEBUG 6552 --- [main] o.s.w.s.h.BeanNameUrlHandlerMapping      : Rejected bean name 'org.springframework.boot.autoconfigure.websocket.servlet.WebSocketServletAutoConfiguration': no URL paths identified
2018-11-08 09:38:47.885 DEBUG 6552 --- [main] o.s.w.s.h.BeanNameUrlHandlerMapping      : Rejected bean name 'org.springframework.boot.autoconfigure.web.servlet.ServletWebServerFactoryConfiguration$EmbeddedTomcat': no URL paths identified
2018-11-08 09:38:47.885 DEBUG 6552 --- [main] o.s.w.s.h.BeanNameUrlHandlerMapping      : Rejected bean name 'tomcatServletWebServerFactory': no URL paths identified
2018-11-08 09:38:47.885 DEBUG 6552 --- [main] o.s.w.s.h.BeanNameUrlHandlerMapping      : Rejected bean name 'org.springframework.boot.autoconfigure.web.servlet.ServletWebServerFactoryAutoConfiguration': no URL paths identified
2018-11-08 09:38:47.885 DEBUG 6552 --- [main] o.s.w.s.h.BeanNameUrlHandlerMapping      : Rejected bean name 'servletWebServerFactoryCustomizer': no URL paths identified
2018-11-08 09:38:47.886 DEBUG 6552 --- [main] o.s.w.s.h.BeanNameUrlHandlerMapping      : Rejected bean name 'tomcatServletWebServerFactoryCustomizer': no URL paths identified
2018-11-08 09:38:47.886 DEBUG 6552 --- [main] o.s.w.s.h.BeanNameUrlHandlerMapping      : Rejected bean name 'server-org.springframework.boot.autoconfigure.web.ServerProperties': no URL paths identified
2018-11-08 09:38:47.886 DEBUG 6552 --- [main] o.s.w.s.h.BeanNameUrlHandlerMapping      : Rejected bean name 'org.springframework.boot.context.properties.ConfigurationPropertiesBindingPostProcessor': no URL paths identified
2018-11-08 09:38:47.886 DEBUG 6552 --- [main] o.s.w.s.h.BeanNameUrlHandlerMapping      : Rejected bean name 'org.springframework.boot.context.properties.ConfigurationBeanFactoryMetadata': no URL paths identified
2018-11-08 09:38:47.886 DEBUG 6552 --- [main] o.s.w.s.h.BeanNameUrlHandlerMapping      : Rejected bean name 'webServerFactoryCustomizerBeanPostProcessor': no URL paths identified
2018-11-08 09:38:47.886 DEBUG 6552 --- [main] o.s.w.s.h.BeanNameUrlHandlerMapping      : Rejected bean name 'errorPageRegistrarBeanPostProcessor': no URL paths identified
2018-11-08 09:38:47.886 DEBUG 6552 --- [main] o.s.w.s.h.BeanNameUrlHandlerMapping      : Rejected bean name 'org.springframework.boot.autoconfigure.web.servlet.DispatcherServletAutoConfiguration$DispatcherServletConfiguration': no URL paths identified
2018-11-08 09:38:47.886 DEBUG 6552 --- [main] o.s.w.s.h.BeanNameUrlHandlerMapping      : Rejected bean name 'dispatcherServlet': no URL paths identified
2018-11-08 09:38:47.886 DEBUG 6552 --- [main] o.s.w.s.h.BeanNameUrlHandlerMapping      : Rejected bean name 'spring.mvc-org.springframework.boot.autoconfigure.web.servlet.WebMvcProperties': no URL paths identified
2018-11-08 09:38:47.886 DEBUG 6552 --- [main] o.s.w.s.h.BeanNameUrlHandlerMapping      : Rejected bean name 'org.springframework.boot.autoconfigure.web.servlet.DispatcherServletAutoConfiguration$DispatcherServletRegistrationConfiguration': no URL paths identified
2018-11-08 09:38:47.886 DEBUG 6552 --- [main] o.s.w.s.h.BeanNameUrlHandlerMapping      : Rejected bean name 'dispatcherServletRegistration': no URL paths identified
2018-11-08 09:38:47.886 DEBUG 6552 --- [main] o.s.w.s.h.BeanNameUrlHandlerMapping      : Rejected bean name 'org.springframework.boot.autoconfigure.web.servlet.DispatcherServletAutoConfiguration': no URL paths identified
2018-11-08 09:38:47.886 DEBUG 6552 --- [main] o.s.w.s.h.BeanNameUrlHandlerMapping      : Rejected bean name 'org.springframework.boot.autoconfigure.validation.ValidationAutoConfiguration': no URL paths identified
2018-11-08 09:38:47.886 DEBUG 6552 --- [main] o.s.w.s.h.BeanNameUrlHandlerMapping      : Rejected bean name 'defaultValidator': no URL paths identified
2018-11-08 09:38:47.886 DEBUG 6552 --- [main] o.s.w.s.h.BeanNameUrlHandlerMapping      : Rejected bean name 'methodValidationPostProcessor': no URL paths identified
2018-11-08 09:38:47.886 DEBUG 6552 --- [main] o.s.w.s.h.BeanNameUrlHandlerMapping      : Rejected bean name 'org.springframework.boot.autoconfigure.web.servlet.error.ErrorMvcAutoConfiguration$WhitelabelErrorViewConfiguration': no URL paths identified
2018-11-08 09:38:47.886 DEBUG 6552 --- [main] o.s.w.s.h.BeanNameUrlHandlerMapping      : Rejected bean name 'error': no URL paths identified
2018-11-08 09:38:47.887 DEBUG 6552 --- [main] o.s.w.s.h.BeanNameUrlHandlerMapping      : Rejected bean name 'beanNameViewResolver': no URL paths identified
2018-11-08 09:38:47.887 DEBUG 6552 --- [main] o.s.w.s.h.BeanNameUrlHandlerMapping      : Rejected bean name 'org.springframework.boot.autoconfigure.web.servlet.error.ErrorMvcAutoConfiguration$DefaultErrorViewResolverConfiguration': no URL paths identified
2018-11-08 09:38:47.887 DEBUG 6552 --- [main] o.s.w.s.h.BeanNameUrlHandlerMapping      : Rejected bean name 'conventionErrorViewResolver': no URL paths identified
2018-11-08 09:38:47.887 DEBUG 6552 --- [main] o.s.w.s.h.BeanNameUrlHandlerMapping      : Rejected bean name 'org.springframework.boot.autoconfigure.web.servlet.error.ErrorMvcAutoConfiguration': no URL paths identified
2018-11-08 09:38:47.887 DEBUG 6552 --- [main] o.s.w.s.h.BeanNameUrlHandlerMapping      : Rejected bean name 'errorAttributes': no URL paths identified
2018-11-08 09:38:47.887 DEBUG 6552 --- [main] o.s.w.s.h.BeanNameUrlHandlerMapping      : Rejected bean name 'basicErrorController': no URL paths identified
2018-11-08 09:38:47.887 DEBUG 6552 --- [main] o.s.w.s.h.BeanNameUrlHandlerMapping      : Rejected bean name 'errorPageCustomizer': no URL paths identified
2018-11-08 09:38:47.887 DEBUG 6552 --- [main] o.s.w.s.h.BeanNameUrlHandlerMapping      : Rejected bean name 'preserveErrorControllerTargetClassPostProcessor': no URL paths identified
2018-11-08 09:38:47.887 DEBUG 6552 --- [main] o.s.w.s.h.BeanNameUrlHandlerMapping      : Rejected bean name 'spring.resources-org.springframework.boot.autoconfigure.web.ResourceProperties': no URL paths identified
2018-11-08 09:38:47.887 DEBUG 6552 --- [main] o.s.w.s.h.BeanNameUrlHandlerMapping      : Rejected bean name 'org.springframework.boot.autoconfigure.web.servlet.WebMvcAutoConfiguration$WebMvcAutoConfigurationAdapter$FaviconConfiguration': no URL paths identified
2018-11-08 09:38:47.887 DEBUG 6552 --- [main] o.s.w.s.h.BeanNameUrlHandlerMapping      : Rejected bean name 'faviconHandlerMapping': no URL paths identified
2018-11-08 09:38:47.887 DEBUG 6552 --- [main] o.s.w.s.h.BeanNameUrlHandlerMapping      : Rejected bean name 'faviconRequestHandler': no URL paths identified
2018-11-08 09:38:47.887 DEBUG 6552 --- [main] o.s.w.s.h.BeanNameUrlHandlerMapping      : Rejected bean name 'org.springframework.boot.autoconfigure.web.servlet.WebMvcAutoConfiguration$EnableWebMvcConfiguration': no URL paths identified
2018-11-08 09:38:47.887 DEBUG 6552 --- [main] o.s.w.s.h.BeanNameUrlHandlerMapping      : Rejected bean name 'requestMappingHandlerAdapter': no URL paths identified
2018-11-08 09:38:47.887 DEBUG 6552 --- [main] o.s.w.s.h.BeanNameUrlHandlerMapping      : Rejected bean name 'requestMappingHandlerMapping': no URL paths identified
2018-11-08 09:38:47.887 DEBUG 6552 --- [main] o.s.w.s.h.BeanNameUrlHandlerMapping      : Rejected bean name 'mvcConversionService': no URL paths identified
2018-11-08 09:38:47.887 DEBUG 6552 --- [main] o.s.w.s.h.BeanNameUrlHandlerMapping      : Rejected bean name 'mvcValidator': no URL paths identified
2018-11-08 09:38:47.887 DEBUG 6552 --- [main] o.s.w.s.h.BeanNameUrlHandlerMapping      : Rejected bean name 'mvcContentNegotiationManager': no URL paths identified
2018-11-08 09:38:47.887 DEBUG 6552 --- [main] o.s.w.s.h.BeanNameUrlHandlerMapping      : Rejected bean name 'mvcPathMatcher': no URL paths identified
2018-11-08 09:38:47.887 DEBUG 6552 --- [main] o.s.w.s.h.BeanNameUrlHandlerMapping      : Rejected bean name 'mvcUrlPathHelper': no URL paths identified
2018-11-08 09:38:47.887 DEBUG 6552 --- [main] o.s.w.s.h.BeanNameUrlHandlerMapping      : Rejected bean name 'viewControllerHandlerMapping': no URL paths identified
2018-11-08 09:38:47.888 DEBUG 6552 --- [main] o.s.w.s.h.BeanNameUrlHandlerMapping      : Rejected bean name 'beanNameHandlerMapping': no URL paths identified
2018-11-08 09:38:47.888 DEBUG 6552 --- [main] o.s.w.s.h.BeanNameUrlHandlerMapping      : Rejected bean name 'resourceHandlerMapping': no URL paths identified
2018-11-08 09:38:47.888 DEBUG 6552 --- [main] o.s.w.s.h.BeanNameUrlHandlerMapping      : Rejected bean name 'mvcResourceUrlProvider': no URL paths identified
2018-11-08 09:38:47.888 DEBUG 6552 --- [main] o.s.w.s.h.BeanNameUrlHandlerMapping      : Rejected bean name 'defaultServletHandlerMapping': no URL paths identified
2018-11-08 09:38:47.888 DEBUG 6552 --- [main] o.s.w.s.h.BeanNameUrlHandlerMapping      : Rejected bean name 'mvcUriComponentsContributor': no URL paths identified
2018-11-08 09:38:47.888 DEBUG 6552 --- [main] o.s.w.s.h.BeanNameUrlHandlerMapping      : Rejected bean name 'httpRequestHandlerAdapter': no URL paths identified
2018-11-08 09:38:47.888 DEBUG 6552 --- [main] o.s.w.s.h.BeanNameUrlHandlerMapping      : Rejected bean name 'simpleControllerHandlerAdapter': no URL paths identified
2018-11-08 09:38:47.888 DEBUG 6552 --- [main] o.s.w.s.h.BeanNameUrlHandlerMapping      : Rejected bean name 'handlerExceptionResolver': no URL paths identified
2018-11-08 09:38:47.888 DEBUG 6552 --- [main] o.s.w.s.h.BeanNameUrlHandlerMapping      : Rejected bean name 'mvcViewResolver': no URL paths identified
2018-11-08 09:38:47.888 DEBUG 6552 --- [main] o.s.w.s.h.BeanNameUrlHandlerMapping      : Rejected bean name 'mvcHandlerMappingIntrospector': no URL paths identified
2018-11-08 09:38:47.888 DEBUG 6552 --- [main] o.s.w.s.h.BeanNameUrlHandlerMapping      : Rejected bean name 'org.springframework.boot.autoconfigure.web.servlet.WebMvcAutoConfiguration$WebMvcAutoConfigurationAdapter': no URL paths identified
2018-11-08 09:38:47.888 DEBUG 6552 --- [main] o.s.w.s.h.BeanNameUrlHandlerMapping      : Rejected bean name 'defaultViewResolver': no URL paths identified
2018-11-08 09:38:47.888 DEBUG 6552 --- [main] o.s.w.s.h.BeanNameUrlHandlerMapping      : Rejected bean name 'viewResolver': no URL paths identified
2018-11-08 09:38:47.888 DEBUG 6552 --- [main] o.s.w.s.h.BeanNameUrlHandlerMapping      : Rejected bean name 'welcomePageHandlerMapping': no URL paths identified
2018-11-08 09:38:47.888 DEBUG 6552 --- [main] o.s.w.s.h.BeanNameUrlHandlerMapping      : Rejected bean name 'requestContextFilter': no URL paths identified
2018-11-08 09:38:47.888 DEBUG 6552 --- [main] o.s.w.s.h.BeanNameUrlHandlerMapping      : Rejected bean name 'org.springframework.boot.autoconfigure.web.servlet.WebMvcAutoConfiguration': no URL paths identified
2018-11-08 09:38:47.888 DEBUG 6552 --- [main] o.s.w.s.h.BeanNameUrlHandlerMapping      : Rejected bean name 'hiddenHttpMethodFilter': no URL paths identified
2018-11-08 09:38:47.888 DEBUG 6552 --- [main] o.s.w.s.h.BeanNameUrlHandlerMapping      : Rejected bean name 'httpPutFormContentFilter': no URL paths identified
2018-11-08 09:38:47.888 DEBUG 6552 --- [main] o.s.w.s.h.BeanNameUrlHandlerMapping      : Rejected bean name 'com.alibaba.druid.spring.boot.autoconfigure.stat.DruidStatViewServletConfiguration': no URL paths identified
2018-11-08 09:38:47.888 DEBUG 6552 --- [main] o.s.w.s.h.BeanNameUrlHandlerMapping      : Rejected bean name 'statViewServletRegistrationBean': no URL paths identified
2018-11-08 09:38:47.888 DEBUG 6552 --- [main] o.s.w.s.h.BeanNameUrlHandlerMapping      : Rejected bean name 'com.alibaba.druid.spring.boot.autoconfigure.stat.DruidWebStatFilterConfiguration': no URL paths identified
2018-11-08 09:38:47.888 DEBUG 6552 --- [main] o.s.w.s.h.BeanNameUrlHandlerMapping      : Rejected bean name 'webStatFilterRegistrationBean': no URL paths identified
2018-11-08 09:38:47.888 DEBUG 6552 --- [main] o.s.w.s.h.BeanNameUrlHandlerMapping      : Rejected bean name 'com.alibaba.druid.spring.boot.autoconfigure.stat.DruidFilterConfiguration': no URL paths identified
2018-11-08 09:38:47.889 DEBUG 6552 --- [main] o.s.w.s.h.BeanNameUrlHandlerMapping      : Rejected bean name 'com.alibaba.druid.spring.boot.autoconfigure.DruidDataSourceAutoConfigure': no URL paths identified
2018-11-08 09:38:47.889 DEBUG 6552 --- [main] o.s.w.s.h.BeanNameUrlHandlerMapping      : Rejected bean name 'dataSource': no URL paths identified
2018-11-08 09:38:47.889 DEBUG 6552 --- [main] o.s.w.s.h.BeanNameUrlHandlerMapping      : Rejected bean name 'spring.datasource.druid-com.alibaba.druid.spring.boot.autoconfigure.properties.DruidStatProperties': no URL paths identified
2018-11-08 09:38:47.889 DEBUG 6552 --- [main] o.s.w.s.h.BeanNameUrlHandlerMapping      : Rejected bean name 'spring.datasource-org.springframework.boot.autoconfigure.jdbc.DataSourceProperties': no URL paths identified
2018-11-08 09:38:47.889 DEBUG 6552 --- [main] o.s.w.s.h.BeanNameUrlHandlerMapping      : Rejected bean name 'org.springframework.boot.autoconfigure.transaction.jta.JtaAutoConfiguration': no URL paths identified
2018-11-08 09:38:47.889 DEBUG 6552 --- [main] o.s.w.s.h.BeanNameUrlHandlerMapping      : Rejected bean name 'spring.jta-org.springframework.boot.autoconfigure.transaction.jta.JtaProperties': no URL paths identified
2018-11-08 09:38:47.889 DEBUG 6552 --- [main] o.s.w.s.h.BeanNameUrlHandlerMapping      : Rejected bean name 'org.springframework.boot.autoconfigure.jdbc.metadata.DataSourcePoolMetadataProvidersConfiguration$HikariPoolDataSourceMetadataProviderConfiguration': no URL paths identified
2018-11-08 09:38:47.889 DEBUG 6552 --- [main] o.s.w.s.h.BeanNameUrlHandlerMapping      : Rejected bean name 'hikariPoolDataSourceMetadataProvider': no URL paths identified
2018-11-08 09:38:47.889 DEBUG 6552 --- [main] o.s.w.s.h.BeanNameUrlHandlerMapping      : Rejected bean name 'org.springframework.boot.autoconfigure.jdbc.metadata.DataSourcePoolMetadataProvidersConfiguration': no URL paths identified
2018-11-08 09:38:47.889 DEBUG 6552 --- [main] o.s.w.s.h.BeanNameUrlHandlerMapping      : Rejected bean name 'org.springframework.boot.autoconfigure.jdbc.DataSourceInitializerInvoker': no URL paths identified
2018-11-08 09:38:47.889 DEBUG 6552 --- [main] o.s.w.s.h.BeanNameUrlHandlerMapping      : Rejected bean name 'org.springframework.boot.autoconfigure.jdbc.DataSourceInitializationConfiguration': no URL paths identified
2018-11-08 09:38:47.889 DEBUG 6552 --- [main] o.s.w.s.h.BeanNameUrlHandlerMapping      : Rejected bean name 'dataSourceInitializerPostProcessor': no URL paths identified
2018-11-08 09:38:47.889 DEBUG 6552 --- [main] o.s.w.s.h.BeanNameUrlHandlerMapping      : Rejected bean name 'org.springframework.boot.autoconfigure.jdbc.DataSourceAutoConfiguration': no URL paths identified
2018-11-08 09:38:47.889 DEBUG 6552 --- [main] o.s.w.s.h.BeanNameUrlHandlerMapping      : Rejected bean name 'org.mybatis.spring.boot.autoconfigure.MybatisAutoConfiguration$MapperScannerRegistrarNotFoundConfiguration': no URL paths identified
2018-11-08 09:38:47.889 DEBUG 6552 --- [main] o.s.w.s.h.BeanNameUrlHandlerMapping      : Rejected bean name 'studentDao': no URL paths identified
2018-11-08 09:38:47.889 DEBUG 6552 --- [main] o.s.w.s.h.BeanNameUrlHandlerMapping      : Rejected bean name 'org.mybatis.spring.boot.autoconfigure.MybatisAutoConfiguration': no URL paths identified
2018-11-08 09:38:47.889 DEBUG 6552 --- [main] o.s.w.s.h.BeanNameUrlHandlerMapping      : Rejected bean name 'sqlSessionFactory': no URL paths identified
2018-11-08 09:38:47.889 DEBUG 6552 --- [main] o.s.w.s.h.BeanNameUrlHandlerMapping      : Rejected bean name 'sqlSessionTemplate': no URL paths identified
2018-11-08 09:38:47.889 DEBUG 6552 --- [main] o.s.w.s.h.BeanNameUrlHandlerMapping      : Rejected bean name 'mybatis-org.mybatis.spring.boot.autoconfigure.MybatisProperties': no URL paths identified
2018-11-08 09:38:47.889 DEBUG 6552 --- [main] o.s.w.s.h.BeanNameUrlHandlerMapping      : Rejected bean name 'org.springframework.boot.actuate.autoconfigure.audit.AuditAutoConfiguration$AuditEventRepositoryConfiguration': no URL paths identified
2018-11-08 09:38:47.889 DEBUG 6552 --- [main] o.s.w.s.h.BeanNameUrlHandlerMapping      : Rejected bean name 'auditEventRepository': no URL paths identified
2018-11-08 09:38:47.890 DEBUG 6552 --- [main] o.s.w.s.h.BeanNameUrlHandlerMapping      : Rejected bean name 'org.springframework.boot.actuate.autoconfigure.audit.AuditAutoConfiguration': no URL paths identified
2018-11-08 09:38:47.890 DEBUG 6552 --- [main] o.s.w.s.h.BeanNameUrlHandlerMapping      : Rejected bean name 'auditListener': no URL paths identified
2018-11-08 09:38:47.890 DEBUG 6552 --- [main] o.s.w.s.h.BeanNameUrlHandlerMapping      : Rejected bean name 'org.springframework.boot.actuate.autoconfigure.audit.AuditEventsEndpointAutoConfiguration': no URL paths identified
2018-11-08 09:38:47.890 DEBUG 6552 --- [main] o.s.w.s.h.BeanNameUrlHandlerMapping      : Rejected bean name 'auditEventsEndpoint': no URL paths identified
2018-11-08 09:38:47.890 DEBUG 6552 --- [main] o.s.w.s.h.BeanNameUrlHandlerMapping      : Rejected bean name 'org.springframework.boot.actuate.autoconfigure.beans.BeansEndpointAutoConfiguration': no URL paths identified
2018-11-08 09:38:47.890 DEBUG 6552 --- [main] o.s.w.s.h.BeanNameUrlHandlerMapping      : Rejected bean name 'beansEndpoint': no URL paths identified
2018-11-08 09:38:47.890 DEBUG 6552 --- [main] o.s.w.s.h.BeanNameUrlHandlerMapping      : Rejected bean name 'org.springframework.boot.actuate.autoconfigure.system.DiskSpaceHealthIndicatorAutoConfiguration': no URL paths identified
2018-11-08 09:38:47.890 DEBUG 6552 --- [main] o.s.w.s.h.BeanNameUrlHandlerMapping      : Rejected bean name 'diskSpaceHealthIndicator': no URL paths identified
2018-11-08 09:38:47.890 DEBUG 6552 --- [main] o.s.w.s.h.BeanNameUrlHandlerMapping      : Rejected bean name 'diskSpaceHealthIndicatorProperties': no URL paths identified
2018-11-08 09:38:47.890 DEBUG 6552 --- [main] o.s.w.s.h.BeanNameUrlHandlerMapping      : Rejected bean name 'org.springframework.boot.actuate.autoconfigure.mongo.MongoHealthIndicatorAutoConfiguration': no URL paths identified
2018-11-08 09:38:47.890 DEBUG 6552 --- [main] o.s.w.s.h.BeanNameUrlHandlerMapping      : Rejected bean name 'org.springframework.boot.actuate.autoconfigure.redis.RedisHealthIndicatorAutoConfiguration': no URL paths identified
2018-11-08 09:38:47.890 DEBUG 6552 --- [main] o.s.w.s.h.BeanNameUrlHandlerMapping      : Rejected bean name 'org.springframework.boot.actuate.autoconfigure.jdbc.DataSourceHealthIndicatorAutoConfiguration': no URL paths identified
2018-11-08 09:38:47.890 DEBUG 6552 --- [main] o.s.w.s.h.BeanNameUrlHandlerMapping      : Rejected bean name 'dbHealthIndicator': no URL paths identified
2018-11-08 09:38:47.890 DEBUG 6552 --- [main] o.s.w.s.h.BeanNameUrlHandlerMapping      : Rejected bean name 'org.springframework.boot.actuate.autoconfigure.elasticsearch.ElasticsearchHealthIndicatorAutoConfiguration': no URL paths identified
2018-11-08 09:38:47.890 DEBUG 6552 --- [main] o.s.w.s.h.BeanNameUrlHandlerMapping      : Rejected bean name 'org.springframework.boot.actuate.autoconfigure.health.HealthIndicatorAutoConfiguration': no URL paths identified
2018-11-08 09:38:47.890 DEBUG 6552 --- [main] o.s.w.s.h.BeanNameUrlHandlerMapping      : Rejected bean name 'healthAggregator': no URL paths identified
2018-11-08 09:38:47.890 DEBUG 6552 --- [main] o.s.w.s.h.BeanNameUrlHandlerMapping      : Rejected bean name 'management.health.status-org.springframework.boot.actuate.autoconfigure.health.HealthIndicatorProperties': no URL paths identified
2018-11-08 09:38:47.890 DEBUG 6552 --- [main] o.s.w.s.h.BeanNameUrlHandlerMapping      : Rejected bean name 'org.springframework.boot.actuate.autoconfigure.health.HealthEndpointConfiguration': no URL paths identified
2018-11-08 09:38:47.890 DEBUG 6552 --- [main] o.s.w.s.h.BeanNameUrlHandlerMapping      : Rejected bean name 'healthEndpoint': no URL paths identified
2018-11-08 09:38:47.890 DEBUG 6552 --- [main] o.s.w.s.h.BeanNameUrlHandlerMapping      : Rejected bean name 'org.springframework.boot.actuate.autoconfigure.health.HealthEndpointWebExtensionConfiguration$ServletWebHealthConfiguration': no URL paths identified
2018-11-08 09:38:47.891 DEBUG 6552 --- [main] o.s.w.s.h.BeanNameUrlHandlerMapping      : Rejected bean name 'healthEndpointWebExtension': no URL paths identified
2018-11-08 09:38:47.891 DEBUG 6552 --- [main] o.s.w.s.h.BeanNameUrlHandlerMapping      : Rejected bean name 'org.springframework.boot.actuate.autoconfigure.health.HealthEndpointWebExtensionConfiguration': no URL paths identified
2018-11-08 09:38:47.891 DEBUG 6552 --- [main] o.s.w.s.h.BeanNameUrlHandlerMapping      : Rejected bean name 'createHealthStatusHttpMapper': no URL paths identified
2018-11-08 09:38:47.891 DEBUG 6552 --- [main] o.s.w.s.h.BeanNameUrlHandlerMapping      : Rejected bean name 'healthWebEndpointResponseMapper': no URL paths identified
2018-11-08 09:38:47.891 DEBUG 6552 --- [main] o.s.w.s.h.BeanNameUrlHandlerMapping      : Rejected bean name 'org.springframework.boot.actuate.autoconfigure.health.HealthEndpointAutoConfiguration': no URL paths identified
2018-11-08 09:38:47.891 DEBUG 6552 --- [main] o.s.w.s.h.BeanNameUrlHandlerMapping      : Rejected bean name 'management.endpoint.health-org.springframework.boot.actuate.autoconfigure.health.HealthEndpointProperties': no URL paths identified
2018-11-08 09:38:47.891 DEBUG 6552 --- [main] o.s.w.s.h.BeanNameUrlHandlerMapping      : Rejected bean name 'org.springframework.boot.actuate.autoconfigure.web.servlet.ServletManagementContextAutoConfiguration': no URL paths identified
2018-11-08 09:38:47.891 DEBUG 6552 --- [main] o.s.w.s.h.BeanNameUrlHandlerMapping      : Rejected bean name 'servletWebChildContextFactory': no URL paths identified
2018-11-08 09:38:47.891 DEBUG 6552 --- [main] o.s.w.s.h.BeanNameUrlHandlerMapping      : Rejected bean name 'managementServletContext': no URL paths identified
2018-11-08 09:38:47.891 DEBUG 6552 --- [main] o.s.w.s.h.BeanNameUrlHandlerMapping      : Rejected bean name 'org.springframework.boot.actuate.autoconfigure.condition.ConditionsReportEndpointAutoConfiguration': no URL paths identified
2018-11-08 09:38:47.891 DEBUG 6552 --- [main] o.s.w.s.h.BeanNameUrlHandlerMapping      : Rejected bean name 'conditionsReportEndpoint': no URL paths identified
2018-11-08 09:38:47.891 DEBUG 6552 --- [main] o.s.w.s.h.BeanNameUrlHandlerMapping      : Rejected bean name 'org.springframework.boot.actuate.autoconfigure.context.ShutdownEndpointAutoConfiguration': no URL paths identified
2018-11-08 09:38:47.891 DEBUG 6552 --- [main] o.s.w.s.h.BeanNameUrlHandlerMapping      : Rejected bean name 'org.springframework.boot.actuate.autoconfigure.context.properties.ConfigurationPropertiesReportEndpointAutoConfiguration': no URL paths identified
2018-11-08 09:38:47.891 DEBUG 6552 --- [main] o.s.w.s.h.BeanNameUrlHandlerMapping      : Rejected bean name 'configurationPropertiesReportEndpoint': no URL paths identified
2018-11-08 09:38:47.891 DEBUG 6552 --- [main] o.s.w.s.h.BeanNameUrlHandlerMapping      : Rejected bean name 'management.endpoint.configprops-org.springframework.boot.actuate.autoconfigure.context.properties.ConfigurationPropertiesReportEndpointProperties': no URL paths identified
2018-11-08 09:38:47.891 DEBUG 6552 --- [main] o.s.w.s.h.BeanNameUrlHandlerMapping      : Rejected bean name 'org.springframework.boot.actuate.autoconfigure.endpoint.EndpointAutoConfiguration': no URL paths identified
2018-11-08 09:38:47.891 DEBUG 6552 --- [main] o.s.w.s.h.BeanNameUrlHandlerMapping      : Rejected bean name 'endpointOperationParameterMapper': no URL paths identified
2018-11-08 09:38:47.891 DEBUG 6552 --- [main] o.s.w.s.h.BeanNameUrlHandlerMapping      : Rejected bean name 'endpointCachingOperationInvokerAdvisor': no URL paths identified
2018-11-08 09:38:47.891 DEBUG 6552 --- [main] o.s.w.s.h.BeanNameUrlHandlerMapping      : Rejected bean name 'org.springframework.boot.actuate.autoconfigure.endpoint.jmx.JmxEndpointAutoConfiguration': no URL paths identified
2018-11-08 09:38:47.891 DEBUG 6552 --- [main] o.s.w.s.h.BeanNameUrlHandlerMapping      : Rejected bean name 'jmxAnnotationEndpointDiscoverer': no URL paths identified
2018-11-08 09:38:47.891 DEBUG 6552 --- [main] o.s.w.s.h.BeanNameUrlHandlerMapping      : Rejected bean name 'jmxIncludeExcludePropertyEndpointFilter': no URL paths identified
2018-11-08 09:38:47.892 DEBUG 6552 --- [main] o.s.w.s.h.BeanNameUrlHandlerMapping      : Rejected bean name 'management.endpoints.jmx-org.springframework.boot.actuate.autoconfigure.endpoint.jmx.JmxEndpointProperties': no URL paths identified
2018-11-08 09:38:47.892 DEBUG 6552 --- [main] o.s.w.s.h.BeanNameUrlHandlerMapping      : Rejected bean name 'org.springframework.boot.actuate.autoconfigure.endpoint.web.WebEndpointAutoConfiguration$WebEndpointServletConfiguration': no URL paths identified
2018-11-08 09:38:47.892 DEBUG 6552 --- [main] o.s.w.s.h.BeanNameUrlHandlerMapping      : Rejected bean name 'servletEndpointDiscoverer': no URL paths identified
2018-11-08 09:38:47.892 DEBUG 6552 --- [main] o.s.w.s.h.BeanNameUrlHandlerMapping      : Rejected bean name 'org.springframework.boot.actuate.autoconfigure.endpoint.web.WebEndpointAutoConfiguration': no URL paths identified
2018-11-08 09:38:47.892 DEBUG 6552 --- [main] o.s.w.s.h.BeanNameUrlHandlerMapping      : Rejected bean name 'webEndpointPathMapper': no URL paths identified
2018-11-08 09:38:47.892 DEBUG 6552 --- [main] o.s.w.s.h.BeanNameUrlHandlerMapping      : Rejected bean name 'endpointMediaTypes': no URL paths identified
2018-11-08 09:38:47.892 DEBUG 6552 --- [main] o.s.w.s.h.BeanNameUrlHandlerMapping      : Rejected bean name 'webEndpointDiscoverer': no URL paths identified
2018-11-08 09:38:47.892 DEBUG 6552 --- [main] o.s.w.s.h.BeanNameUrlHandlerMapping      : Rejected bean name 'controllerEndpointDiscoverer': no URL paths identified
2018-11-08 09:38:47.892 DEBUG 6552 --- [main] o.s.w.s.h.BeanNameUrlHandlerMapping      : Rejected bean name 'pathMappedEndpoints': no URL paths identified
2018-11-08 09:38:47.892 DEBUG 6552 --- [main] o.s.w.s.h.BeanNameUrlHandlerMapping      : Rejected bean name 'webExposeExcludePropertyEndpointFilter': no URL paths identified
2018-11-08 09:38:47.892 DEBUG 6552 --- [main] o.s.w.s.h.BeanNameUrlHandlerMapping      : Rejected bean name 'controllerExposeExcludePropertyEndpointFilter': no URL paths identified
2018-11-08 09:38:47.892 DEBUG 6552 --- [main] o.s.w.s.h.BeanNameUrlHandlerMapping      : Rejected bean name 'management.endpoints.web-org.springframework.boot.actuate.autoconfigure.endpoint.web.WebEndpointProperties': no URL paths identified
2018-11-08 09:38:47.892 DEBUG 6552 --- [main] o.s.w.s.h.BeanNameUrlHandlerMapping      : Rejected bean name 'org.springframework.boot.actuate.autoconfigure.env.EnvironmentEndpointAutoConfiguration': no URL paths identified
2018-11-08 09:38:47.892 DEBUG 6552 --- [main] o.s.w.s.h.BeanNameUrlHandlerMapping      : Rejected bean name 'environmentEndpoint': no URL paths identified
2018-11-08 09:38:47.892 DEBUG 6552 --- [main] o.s.w.s.h.BeanNameUrlHandlerMapping      : Rejected bean name 'environmentEndpointWebExtension': no URL paths identified
2018-11-08 09:38:47.892 DEBUG 6552 --- [main] o.s.w.s.h.BeanNameUrlHandlerMapping      : Rejected bean name 'management.endpoint.env-org.springframework.boot.actuate.autoconfigure.env.EnvironmentEndpointProperties': no URL paths identified
2018-11-08 09:38:47.892 DEBUG 6552 --- [main] o.s.w.s.h.BeanNameUrlHandlerMapping      : Rejected bean name 'org.springframework.boot.autoconfigure.info.ProjectInfoAutoConfiguration': no URL paths identified
2018-11-08 09:38:47.892 DEBUG 6552 --- [main] o.s.w.s.h.BeanNameUrlHandlerMapping      : Rejected bean name 'spring.info-org.springframework.boot.autoconfigure.info.ProjectInfoProperties': no URL paths identified
2018-11-08 09:38:47.892 DEBUG 6552 --- [main] o.s.w.s.h.BeanNameUrlHandlerMapping      : Rejected bean name 'org.springframework.boot.actuate.autoconfigure.info.InfoContributorAutoConfiguration': no URL paths identified
2018-11-08 09:38:47.892 DEBUG 6552 --- [main] o.s.w.s.h.BeanNameUrlHandlerMapping      : Rejected bean name 'envInfoContributor': no URL paths identified
2018-11-08 09:38:47.892 DEBUG 6552 --- [main] o.s.w.s.h.BeanNameUrlHandlerMapping      : Rejected bean name 'management.info-org.springframework.boot.actuate.autoconfigure.info.InfoContributorProperties': no URL paths identified
2018-11-08 09:38:47.893 DEBUG 6552 --- [main] o.s.w.s.h.BeanNameUrlHandlerMapping      : Rejected bean name 'org.springframework.boot.actuate.autoconfigure.info.InfoEndpointAutoConfiguration': no URL paths identified
2018-11-08 09:38:47.893 DEBUG 6552 --- [main] o.s.w.s.h.BeanNameUrlHandlerMapping      : Rejected bean name 'infoEndpoint': no URL paths identified
2018-11-08 09:38:47.893 DEBUG 6552 --- [main] o.s.w.s.h.BeanNameUrlHandlerMapping      : Rejected bean name 'org.springframework.boot.actuate.autoconfigure.logging.LogFileWebEndpointAutoConfiguration': no URL paths identified
2018-11-08 09:38:47.893 DEBUG 6552 --- [main] o.s.w.s.h.BeanNameUrlHandlerMapping      : Rejected bean name 'logFileWebEndpoint': no URL paths identified
2018-11-08 09:38:47.893 DEBUG 6552 --- [main] o.s.w.s.h.BeanNameUrlHandlerMapping      : Rejected bean name 'management.endpoint.logfile-org.springframework.boot.actuate.autoconfigure.logging.LogFileWebEndpointProperties': no URL paths identified
2018-11-08 09:38:47.893 DEBUG 6552 --- [main] o.s.w.s.h.BeanNameUrlHandlerMapping      : Rejected bean name 'org.springframework.boot.actuate.autoconfigure.logging.LoggersEndpointAutoConfiguration': no URL paths identified
2018-11-08 09:38:47.893 DEBUG 6552 --- [main] o.s.w.s.h.BeanNameUrlHandlerMapping      : Rejected bean name 'loggersEndpoint': no URL paths identified
2018-11-08 09:38:47.893 DEBUG 6552 --- [main] o.s.w.s.h.BeanNameUrlHandlerMapping      : Rejected bean name 'org.springframework.boot.actuate.autoconfigure.management.HeapDumpWebEndpointAutoConfiguration': no URL paths identified
2018-11-08 09:38:47.893 DEBUG 6552 --- [main] o.s.w.s.h.BeanNameUrlHandlerMapping      : Rejected bean name 'heapDumpWebEndpoint': no URL paths identified
2018-11-08 09:38:47.893 DEBUG 6552 --- [main] o.s.w.s.h.BeanNameUrlHandlerMapping      : Rejected bean name 'org.springframework.boot.actuate.autoconfigure.management.ThreadDumpEndpointAutoConfiguration': no URL paths identified
2018-11-08 09:38:47.893 DEBUG 6552 --- [main] o.s.w.s.h.BeanNameUrlHandlerMapping      : Rejected bean name 'dumpEndpoint': no URL paths identified
2018-11-08 09:38:47.893 DEBUG 6552 --- [main] o.s.w.s.h.BeanNameUrlHandlerMapping      : Rejected bean name 'org.springframework.boot.actuate.autoconfigure.metrics.MetricsAutoConfiguration$MeterBindersConfiguration': no URL paths identified
2018-11-08 09:38:47.893 DEBUG 6552 --- [main] o.s.w.s.h.BeanNameUrlHandlerMapping      : Rejected bean name 'logbackMetrics': no URL paths identified
2018-11-08 09:38:47.893 DEBUG 6552 --- [main] o.s.w.s.h.BeanNameUrlHandlerMapping      : Rejected bean name 'uptimeMetrics': no URL paths identified
2018-11-08 09:38:47.893 DEBUG 6552 --- [main] o.s.w.s.h.BeanNameUrlHandlerMapping      : Rejected bean name 'processorMetrics': no URL paths identified
2018-11-08 09:38:47.893 DEBUG 6552 --- [main] o.s.w.s.h.BeanNameUrlHandlerMapping      : Rejected bean name 'fileDescriptorMetrics': no URL paths identified
2018-11-08 09:38:47.893 DEBUG 6552 --- [main] o.s.w.s.h.BeanNameUrlHandlerMapping      : Rejected bean name 'org.springframework.boot.actuate.autoconfigure.metrics.MetricsAutoConfiguration$JvmMeterBindersConfiguration': no URL paths identified
2018-11-08 09:38:47.893 DEBUG 6552 --- [main] o.s.w.s.h.BeanNameUrlHandlerMapping      : Rejected bean name 'jvmGcMetrics': no URL paths identified
2018-11-08 09:38:47.894 DEBUG 6552 --- [main] o.s.w.s.h.BeanNameUrlHandlerMapping      : Rejected bean name 'jvmMemoryMetrics': no URL paths identified
2018-11-08 09:38:47.894 DEBUG 6552 --- [main] o.s.w.s.h.BeanNameUrlHandlerMapping      : Rejected bean name 'jvmThreadMetrics': no URL paths identified
2018-11-08 09:38:47.894 DEBUG 6552 --- [main] o.s.w.s.h.BeanNameUrlHandlerMapping      : Rejected bean name 'classLoaderMetrics': no URL paths identified
2018-11-08 09:38:47.894 DEBUG 6552 --- [main] o.s.w.s.h.BeanNameUrlHandlerMapping      : Rejected bean name 'org.springframework.boot.actuate.autoconfigure.metrics.MetricsAutoConfiguration': no URL paths identified
2018-11-08 09:38:47.894 DEBUG 6552 --- [main] o.s.w.s.h.BeanNameUrlHandlerMapping      : Rejected bean name 'micrometerClock': no URL paths identified
2018-11-08 09:38:47.894 DEBUG 6552 --- [main] o.s.w.s.h.BeanNameUrlHandlerMapping      : Rejected bean name 'meterRegistryPostProcessor': no URL paths identified
2018-11-08 09:38:47.894 DEBUG 6552 --- [main] o.s.w.s.h.BeanNameUrlHandlerMapping      : Rejected bean name 'propertiesMeterFilter': no URL paths identified
2018-11-08 09:38:47.894 DEBUG 6552 --- [main] o.s.w.s.h.BeanNameUrlHandlerMapping      : Rejected bean name 'management.metrics-org.springframework.boot.actuate.autoconfigure.metrics.MetricsProperties': no URL paths identified
2018-11-08 09:38:47.894 DEBUG 6552 --- [main] o.s.w.s.h.BeanNameUrlHandlerMapping      : Rejected bean name 'org.springframework.boot.actuate.autoconfigure.metrics.export.simple.SimpleMetricsExportAutoConfiguration': no URL paths identified
2018-11-08 09:38:47.894 DEBUG 6552 --- [main] o.s.w.s.h.BeanNameUrlHandlerMapping      : Rejected bean name 'simpleMeterRegistry': no URL paths identified
2018-11-08 09:38:47.894 DEBUG 6552 --- [main] o.s.w.s.h.BeanNameUrlHandlerMapping      : Rejected bean name 'simpleConfig': no URL paths identified
2018-11-08 09:38:47.894 DEBUG 6552 --- [main] o.s.w.s.h.BeanNameUrlHandlerMapping      : Rejected bean name 'management.metrics.export.simple-org.springframework.boot.actuate.autoconfigure.metrics.export.simple.SimpleProperties': no URL paths identified
2018-11-08 09:38:47.894 DEBUG 6552 --- [main] o.s.w.s.h.BeanNameUrlHandlerMapping      : Rejected bean name 'org.springframework.boot.actuate.autoconfigure.metrics.CompositeMeterRegistryAutoConfiguration': no URL paths identified
2018-11-08 09:38:47.894 DEBUG 6552 --- [main] o.s.w.s.h.BeanNameUrlHandlerMapping      : Rejected bean name 'org.springframework.boot.actuate.autoconfigure.metrics.MetricsEndpointAutoConfiguration': no URL paths identified
2018-11-08 09:38:47.894 DEBUG 6552 --- [main] o.s.w.s.h.BeanNameUrlHandlerMapping      : Rejected bean name 'metricsEndpoint': no URL paths identified
2018-11-08 09:38:47.894 DEBUG 6552 --- [main] o.s.w.s.h.BeanNameUrlHandlerMapping      : Rejected bean name 'org.springframework.boot.actuate.autoconfigure.metrics.jdbc.DataSourcePoolMetricsAutoConfiguration$HikariDataSourceMetricsConfiguration': no URL paths identified
2018-11-08 09:38:47.894 DEBUG 6552 --- [main] o.s.w.s.h.BeanNameUrlHandlerMapping      : Rejected bean name 'hikariDataSourceMetricsPostProcessor': no URL paths identified
2018-11-08 09:38:47.894 DEBUG 6552 --- [main] o.s.w.s.h.BeanNameUrlHandlerMapping      : Rejected bean name 'org.springframework.boot.actuate.autoconfigure.metrics.jdbc.DataSourcePoolMetricsAutoConfiguration$DataSourcePoolMetadataMetricsConfiguration': no URL paths identified
2018-11-08 09:38:47.894 DEBUG 6552 --- [main] o.s.w.s.h.BeanNameUrlHandlerMapping      : Rejected bean name 'org.springframework.boot.actuate.autoconfigure.metrics.jdbc.DataSourcePoolMetricsAutoConfiguration': no URL paths identified
2018-11-08 09:38:47.894 DEBUG 6552 --- [main] o.s.w.s.h.BeanNameUrlHandlerMapping      : Rejected bean name 'org.springframework.boot.autoconfigure.jackson.JacksonAutoConfiguration$Jackson2ObjectMapperBuilderCustomizerConfiguration': no URL paths identified
2018-11-08 09:38:47.894 DEBUG 6552 --- [main] o.s.w.s.h.BeanNameUrlHandlerMapping      : Rejected bean name 'standardJacksonObjectMapperBuilderCustomizer': no URL paths identified
2018-11-08 09:38:47.895 DEBUG 6552 --- [main] o.s.w.s.h.BeanNameUrlHandlerMapping      : Rejected bean name 'spring.jackson-org.springframework.boot.autoconfigure.jackson.JacksonProperties': no URL paths identified
2018-11-08 09:38:47.895 DEBUG 6552 --- [main] o.s.w.s.h.BeanNameUrlHandlerMapping      : Rejected bean name 'org.springframework.boot.autoconfigure.jackson.JacksonAutoConfiguration$JacksonObjectMapperBuilderConfiguration': no URL paths identified
2018-11-08 09:38:47.895 DEBUG 6552 --- [main] o.s.w.s.h.BeanNameUrlHandlerMapping      : Rejected bean name 'jacksonObjectMapperBuilder': no URL paths identified
2018-11-08 09:38:47.895 DEBUG 6552 --- [main] o.s.w.s.h.BeanNameUrlHandlerMapping      : Rejected bean name 'org.springframework.boot.autoconfigure.jackson.JacksonAutoConfiguration$ParameterNamesModuleConfiguration': no URL paths identified
2018-11-08 09:38:47.895 DEBUG 6552 --- [main] o.s.w.s.h.BeanNameUrlHandlerMapping      : Rejected bean name 'parameterNamesModule': no URL paths identified
2018-11-08 09:38:47.895 DEBUG 6552 --- [main] o.s.w.s.h.BeanNameUrlHandlerMapping      : Rejected bean name 'org.springframework.boot.autoconfigure.jackson.JacksonAutoConfiguration$JacksonObjectMapperConfiguration': no URL paths identified
2018-11-08 09:38:47.895 DEBUG 6552 --- [main] o.s.w.s.h.BeanNameUrlHandlerMapping      : Rejected bean name 'jacksonObjectMapper': no URL paths identified
2018-11-08 09:38:47.895 DEBUG 6552 --- [main] o.s.w.s.h.BeanNameUrlHandlerMapping      : Rejected bean name 'org.springframework.boot.autoconfigure.jackson.JacksonAutoConfiguration': no URL paths identified
2018-11-08 09:38:47.895 DEBUG 6552 --- [main] o.s.w.s.h.BeanNameUrlHandlerMapping      : Rejected bean name 'jsonComponentModule': no URL paths identified
2018-11-08 09:38:47.895 DEBUG 6552 --- [main] o.s.w.s.h.BeanNameUrlHandlerMapping      : Rejected bean name 'org.springframework.boot.autoconfigure.http.HttpMessageConvertersAutoConfiguration$StringHttpMessageConverterConfiguration': no URL paths identified
2018-11-08 09:38:47.895 DEBUG 6552 --- [main] o.s.w.s.h.BeanNameUrlHandlerMapping      : Rejected bean name 'stringHttpMessageConverter': no URL paths identified
2018-11-08 09:38:47.895 DEBUG 6552 --- [main] o.s.w.s.h.BeanNameUrlHandlerMapping      : Rejected bean name 'spring.http.encoding-org.springframework.boot.autoconfigure.http.HttpEncodingProperties': no URL paths identified
2018-11-08 09:38:47.895 DEBUG 6552 --- [main] o.s.w.s.h.BeanNameUrlHandlerMapping      : Rejected bean name 'org.springframework.boot.autoconfigure.http.JacksonHttpMessageConvertersConfiguration$MappingJackson2HttpMessageConverterConfiguration': no URL paths identified
2018-11-08 09:38:47.895 DEBUG 6552 --- [main] o.s.w.s.h.BeanNameUrlHandlerMapping      : Rejected bean name 'mappingJackson2HttpMessageConverter': no URL paths identified
2018-11-08 09:38:47.895 DEBUG 6552 --- [main] o.s.w.s.h.BeanNameUrlHandlerMapping      : Rejected bean name 'org.springframework.boot.autoconfigure.http.JacksonHttpMessageConvertersConfiguration': no URL paths identified
2018-11-08 09:38:47.895 DEBUG 6552 --- [main] o.s.w.s.h.BeanNameUrlHandlerMapping      : Rejected bean name 'org.springframework.boot.autoconfigure.http.HttpMessageConvertersAutoConfiguration': no URL paths identified
2018-11-08 09:38:47.895 DEBUG 6552 --- [main] o.s.w.s.h.BeanNameUrlHandlerMapping      : Rejected bean name 'org.springframework.boot.autoconfigure.web.client.RestTemplateAutoConfiguration': no URL paths identified
2018-11-08 09:38:47.895 DEBUG 6552 --- [main] o.s.w.s.h.BeanNameUrlHandlerMapping      : Rejected bean name 'restTemplateBuilder': no URL paths identified
2018-11-08 09:38:47.895 DEBUG 6552 --- [main] o.s.w.s.h.BeanNameUrlHandlerMapping      : Rejected bean name 'org.springframework.boot.actuate.autoconfigure.metrics.web.client.RestTemplateMetricsAutoConfiguration': no URL paths identified
2018-11-08 09:38:47.895 DEBUG 6552 --- [main] o.s.w.s.h.BeanNameUrlHandlerMapping      : Rejected bean name 'restTemplateTagConfigurer': no URL paths identified
2018-11-08 09:38:47.895 DEBUG 6552 --- [main] o.s.w.s.h.BeanNameUrlHandlerMapping      : Rejected bean name 'metricsRestTemplateCustomizer': no URL paths identified
2018-11-08 09:38:47.895 DEBUG 6552 --- [main] o.s.w.s.h.BeanNameUrlHandlerMapping      : Rejected bean name 'metricsWebClientUriTagFilter': no URL paths identified
2018-11-08 09:38:47.895 DEBUG 6552 --- [main] o.s.w.s.h.BeanNameUrlHandlerMapping      : Rejected bean name 'org.springframework.boot.actuate.autoconfigure.metrics.web.servlet.WebMvcMetricsAutoConfiguration': no URL paths identified
2018-11-08 09:38:47.895 DEBUG 6552 --- [main] o.s.w.s.h.BeanNameUrlHandlerMapping      : Rejected bean name 'webMvcTagsProvider': no URL paths identified
2018-11-08 09:38:47.896 DEBUG 6552 --- [main] o.s.w.s.h.BeanNameUrlHandlerMapping      : Rejected bean name 'webMvcMetricsFilter': no URL paths identified
2018-11-08 09:38:47.896 DEBUG 6552 --- [main] o.s.w.s.h.BeanNameUrlHandlerMapping      : Rejected bean name 'org.springframework.boot.actuate.autoconfigure.metrics.web.tomcat.TomcatMetricsAutoConfiguration': no URL paths identified
2018-11-08 09:38:47.896 DEBUG 6552 --- [main] o.s.w.s.h.BeanNameUrlHandlerMapping      : Rejected bean name 'tomcatMetrics': no URL paths identified
2018-11-08 09:38:47.896 DEBUG 6552 --- [main] o.s.w.s.h.BeanNameUrlHandlerMapping      : Rejected bean name 'contextCapturingServletTomcatCustomizer': no URL paths identified
2018-11-08 09:38:47.896 DEBUG 6552 --- [main] o.s.w.s.h.BeanNameUrlHandlerMapping      : Rejected bean name 'org.springframework.boot.actuate.autoconfigure.scheduling.ScheduledTasksEndpointAutoConfiguration': no URL paths identified
2018-11-08 09:38:47.896 DEBUG 6552 --- [main] o.s.w.s.h.BeanNameUrlHandlerMapping      : Rejected bean name 'scheduledTasksEndpoint': no URL paths identified
2018-11-08 09:38:47.896 DEBUG 6552 --- [main] o.s.w.s.h.BeanNameUrlHandlerMapping      : Rejected bean name 'org.springframework.boot.actuate.autoconfigure.trace.http.HttpTraceAutoConfiguration$ServletTraceFilterConfiguration': no URL paths identified
2018-11-08 09:38:47.896 DEBUG 6552 --- [main] o.s.w.s.h.BeanNameUrlHandlerMapping      : Rejected bean name 'httpTraceFilter': no URL paths identified
2018-11-08 09:38:47.896 DEBUG 6552 --- [main] o.s.w.s.h.BeanNameUrlHandlerMapping      : Rejected bean name 'org.springframework.boot.actuate.autoconfigure.trace.http.HttpTraceAutoConfiguration': no URL paths identified
2018-11-08 09:38:47.896 DEBUG 6552 --- [main] o.s.w.s.h.BeanNameUrlHandlerMapping      : Rejected bean name 'traceRepository': no URL paths identified
2018-11-08 09:38:47.896 DEBUG 6552 --- [main] o.s.w.s.h.BeanNameUrlHandlerMapping      : Rejected bean name 'httpExchangeTracer': no URL paths identified
2018-11-08 09:38:47.896 DEBUG 6552 --- [main] o.s.w.s.h.BeanNameUrlHandlerMapping      : Rejected bean name 'management.trace.http-org.springframework.boot.actuate.autoconfigure.trace.http.HttpTraceProperties': no URL paths identified
2018-11-08 09:38:47.896 DEBUG 6552 --- [main] o.s.w.s.h.BeanNameUrlHandlerMapping      : Rejected bean name 'org.springframework.boot.actuate.autoconfigure.trace.http.HttpTraceEndpointAutoConfiguration': no URL paths identified
2018-11-08 09:38:47.896 DEBUG 6552 --- [main] o.s.w.s.h.BeanNameUrlHandlerMapping      : Rejected bean name 'httpTraceEndpoint': no URL paths identified
2018-11-08 09:38:47.896 DEBUG 6552 --- [main] o.s.w.s.h.BeanNameUrlHandlerMapping      : Rejected bean name 'org.springframework.boot.actuate.autoconfigure.web.mappings.MappingsEndpointAutoConfiguration$ServletWebConfiguration$SpringMvcConfiguration': no URL paths identified
2018-11-08 09:38:47.896 DEBUG 6552 --- [main] o.s.w.s.h.BeanNameUrlHandlerMapping      : Rejected bean name 'dispatcherServletMappingDescriptionProvider': no URL paths identified
2018-11-08 09:38:47.896 DEBUG 6552 --- [main] o.s.w.s.h.BeanNameUrlHandlerMapping      : Rejected bean name 'org.springframework.boot.actuate.autoconfigure.web.mappings.MappingsEndpointAutoConfiguration$ServletWebConfiguration': no URL paths identified
2018-11-08 09:38:47.896 DEBUG 6552 --- [main] o.s.w.s.h.BeanNameUrlHandlerMapping      : Rejected bean name 'servletMappingDescriptionProvider': no URL paths identified
2018-11-08 09:38:47.896 DEBUG 6552 --- [main] o.s.w.s.h.BeanNameUrlHandlerMapping      : Rejected bean name 'filterMappingDescriptionProvider': no URL paths identified
2018-11-08 09:38:47.896 DEBUG 6552 --- [main] o.s.w.s.h.BeanNameUrlHandlerMapping      : Rejected bean name 'org.springframework.boot.actuate.autoconfigure.web.mappings.MappingsEndpointAutoConfiguration': no URL paths identified
2018-11-08 09:38:47.896 DEBUG 6552 --- [main] o.s.w.s.h.BeanNameUrlHandlerMapping      : Rejected bean name 'mappingsEndpoint': no URL paths identified
2018-11-08 09:38:47.897 DEBUG 6552 --- [main] o.s.w.s.h.BeanNameUrlHandlerMapping      : Rejected bean name 'org.springframework.boot.autoconfigure.aop.AopAutoConfiguration$CglibAutoProxyConfiguration': no URL paths identified
2018-11-08 09:38:47.897 DEBUG 6552 --- [main] o.s.w.s.h.BeanNameUrlHandlerMapping      : Rejected bean name 'org.springframework.aop.config.internalAutoProxyCreator': no URL paths identified
2018-11-08 09:38:47.897 DEBUG 6552 --- [main] o.s.w.s.h.BeanNameUrlHandlerMapping      : Rejected bean name 'org.springframework.boot.autoconfigure.aop.AopAutoConfiguration': no URL paths identified
2018-11-08 09:38:47.897 DEBUG 6552 --- [main] o.s.w.s.h.BeanNameUrlHandlerMapping      : Rejected bean name 'org.springframework.boot.autoconfigure.context.ConfigurationPropertiesAutoConfiguration': no URL paths identified
2018-11-08 09:38:47.897 DEBUG 6552 --- [main] o.s.w.s.h.BeanNameUrlHandlerMapping      : Rejected bean name 'org.springframework.boot.autoconfigure.dao.PersistenceExceptionTranslationAutoConfiguration': no URL paths identified
2018-11-08 09:38:47.897 DEBUG 6552 --- [main] o.s.w.s.h.BeanNameUrlHandlerMapping      : Rejected bean name 'persistenceExceptionTranslationPostProcessor': no URL paths identified
2018-11-08 09:38:47.897 DEBUG 6552 --- [main] o.s.w.s.h.BeanNameUrlHandlerMapping      : Rejected bean name 'org.springframework.boot.autoconfigure.orm.jpa.JpaBaseConfiguration$JpaWebConfiguration$JpaWebMvcConfiguration': no URL paths identified
2018-11-08 09:38:47.897 DEBUG 6552 --- [main] o.s.w.s.h.BeanNameUrlHandlerMapping      : Rejected bean name 'openEntityManagerInViewInterceptor': no URL paths identified
2018-11-08 09:38:47.897 DEBUG 6552 --- [main] o.s.w.s.h.BeanNameUrlHandlerMapping      : Rejected bean name 'org.springframework.boot.autoconfigure.orm.jpa.JpaBaseConfiguration$JpaWebConfiguration': no URL paths identified
2018-11-08 09:38:47.897 DEBUG 6552 --- [main] o.s.w.s.h.BeanNameUrlHandlerMapping      : Rejected bean name 'org.springframework.boot.autoconfigure.orm.jpa.HibernateJpaConfiguration': no URL paths identified
2018-11-08 09:38:47.897 DEBUG 6552 --- [main] o.s.w.s.h.BeanNameUrlHandlerMapping      : Rejected bean name 'transactionManager': no URL paths identified
2018-11-08 09:38:47.897 DEBUG 6552 --- [main] o.s.w.s.h.BeanNameUrlHandlerMapping      : Rejected bean name 'jpaVendorAdapter': no URL paths identified
2018-11-08 09:38:47.897 DEBUG 6552 --- [main] o.s.w.s.h.BeanNameUrlHandlerMapping      : Rejected bean name 'entityManagerFactoryBuilder': no URL paths identified
2018-11-08 09:38:47.897 DEBUG 6552 --- [main] o.s.w.s.h.BeanNameUrlHandlerMapping      : Rejected bean name 'entityManagerFactory': no URL paths identified
2018-11-08 09:38:47.897 DEBUG 6552 --- [main] o.s.w.s.h.BeanNameUrlHandlerMapping      : Rejected bean name 'spring.jpa-org.springframework.boot.autoconfigure.orm.jpa.JpaProperties': no URL paths identified
2018-11-08 09:38:47.897 DEBUG 6552 --- [main] o.s.w.s.h.BeanNameUrlHandlerMapping      : Rejected bean name 'dataSourceInitializedPublisher': no URL paths identified
2018-11-08 09:38:47.897 DEBUG 6552 --- [main] o.s.w.s.h.BeanNameUrlHandlerMapping      : Rejected bean name 'org.springframework.boot.autoconfigure.orm.jpa.HibernateJpaAutoConfiguration': no URL paths identified
2018-11-08 09:38:47.897 DEBUG 6552 --- [main] o.s.w.s.h.BeanNameUrlHandlerMapping      : Rejected bean name 'org.springframework.boot.autoconfigure.data.jpa.JpaRepositoriesAutoConfiguration': no URL paths identified
2018-11-08 09:38:47.897 DEBUG 6552 --- [main] o.s.w.s.h.BeanNameUrlHandlerMapping      : Rejected bean name 'emBeanDefinitionRegistrarPostProcessor': no URL paths identified
2018-11-08 09:38:47.897 DEBUG 6552 --- [main] o.s.w.s.h.BeanNameUrlHandlerMapping      : Rejected bean name 'jpaMappingContext': no URL paths identified
2018-11-08 09:38:47.897 DEBUG 6552 --- [main] o.s.w.s.h.BeanNameUrlHandlerMapping      : Rejected bean name 'jpaContext': no URL paths identified
2018-11-08 09:38:47.898 DEBUG 6552 --- [main] o.s.w.s.h.BeanNameUrlHandlerMapping      : Rejected bean name 'motherDao': no URL paths identified
2018-11-08 09:38:47.898 DEBUG 6552 --- [main] o.s.w.s.h.BeanNameUrlHandlerMapping      : Rejected bean name 'org.springframework.data.web.config.ProjectingArgumentResolverRegistrar': no URL paths identified
2018-11-08 09:38:47.898 DEBUG 6552 --- [main] o.s.w.s.h.BeanNameUrlHandlerMapping      : Rejected bean name 'projectingArgumentResolverBeanPostProcessor': no URL paths identified
2018-11-08 09:38:47.898 DEBUG 6552 --- [main] o.s.w.s.h.BeanNameUrlHandlerMapping      : Rejected bean name 'org.springframework.data.web.config.SpringDataWebConfiguration': no URL paths identified
2018-11-08 09:38:47.898 DEBUG 6552 --- [main] o.s.w.s.h.BeanNameUrlHandlerMapping      : Rejected bean name 'pageableResolver': no URL paths identified
2018-11-08 09:38:47.898 DEBUG 6552 --- [main] o.s.w.s.h.BeanNameUrlHandlerMapping      : Rejected bean name 'sortResolver': no URL paths identified
2018-11-08 09:38:47.898 DEBUG 6552 --- [main] o.s.w.s.h.BeanNameUrlHandlerMapping      : Rejected bean name 'org.springframework.data.web.config.SpringDataJacksonConfiguration': no URL paths identified
2018-11-08 09:38:47.898 DEBUG 6552 --- [main] o.s.w.s.h.BeanNameUrlHandlerMapping      : Rejected bean name 'jacksonGeoModule': no URL paths identified
2018-11-08 09:38:47.898 DEBUG 6552 --- [main] o.s.w.s.h.BeanNameUrlHandlerMapping      : Rejected bean name 'org.springframework.boot.autoconfigure.data.web.SpringDataWebAutoConfiguration': no URL paths identified
2018-11-08 09:38:47.898 DEBUG 6552 --- [main] o.s.w.s.h.BeanNameUrlHandlerMapping      : Rejected bean name 'pageableCustomizer': no URL paths identified
2018-11-08 09:38:47.898 DEBUG 6552 --- [main] o.s.w.s.h.BeanNameUrlHandlerMapping      : Rejected bean name 'sortCustomizer': no URL paths identified
2018-11-08 09:38:47.898 DEBUG 6552 --- [main] o.s.w.s.h.BeanNameUrlHandlerMapping      : Rejected bean name 'spring.data.web-org.springframework.boot.autoconfigure.data.web.SpringDataWebProperties': no URL paths identified
2018-11-08 09:38:47.898 DEBUG 6552 --- [main] o.s.w.s.h.BeanNameUrlHandlerMapping      : Rejected bean name 'org.springframework.boot.autoconfigure.http.codec.CodecsAutoConfiguration$JacksonCodecConfiguration': no URL paths identified
2018-11-08 09:38:47.898 DEBUG 6552 --- [main] o.s.w.s.h.BeanNameUrlHandlerMapping      : Rejected bean name 'jacksonCodecCustomizer': no URL paths identified
2018-11-08 09:38:47.898 DEBUG 6552 --- [main] o.s.w.s.h.BeanNameUrlHandlerMapping      : Rejected bean name 'org.springframework.boot.autoconfigure.http.codec.CodecsAutoConfiguration': no URL paths identified
2018-11-08 09:38:47.898 DEBUG 6552 --- [main] o.s.w.s.h.BeanNameUrlHandlerMapping      : Rejected bean name 'org.springframework.boot.autoconfigure.jdbc.JdbcTemplateAutoConfiguration$JdbcTemplateConfiguration': no URL paths identified
2018-11-08 09:38:47.898 DEBUG 6552 --- [main] o.s.w.s.h.BeanNameUrlHandlerMapping      : Rejected bean name 'jdbcTemplate': no URL paths identified
2018-11-08 09:38:47.898 DEBUG 6552 --- [main] o.s.w.s.h.BeanNameUrlHandlerMapping      : Rejected bean name 'org.springframework.boot.autoconfigure.jdbc.JdbcTemplateAutoConfiguration$NamedParameterJdbcTemplateConfiguration': no URL paths identified
2018-11-08 09:38:47.898 DEBUG 6552 --- [main] o.s.w.s.h.BeanNameUrlHandlerMapping      : Rejected bean name 'namedParameterJdbcTemplate': no URL paths identified
2018-11-08 09:38:47.898 DEBUG 6552 --- [main] o.s.w.s.h.BeanNameUrlHandlerMapping      : Rejected bean name 'org.springframework.boot.autoconfigure.jdbc.JdbcTemplateAutoConfiguration': no URL paths identified
2018-11-08 09:38:47.898 DEBUG 6552 --- [main] o.s.w.s.h.BeanNameUrlHandlerMapping      : Rejected bean name 'spring.jdbc-org.springframework.boot.autoconfigure.jdbc.JdbcProperties': no URL paths identified
2018-11-08 09:38:47.899 DEBUG 6552 --- [main] o.s.w.s.h.BeanNameUrlHandlerMapping      : Rejected bean name 'org.springframework.boot.autoconfigure.security.reactive.ReactiveSecurityAutoConfiguration': no URL paths identified
2018-11-08 09:38:47.899 DEBUG 6552 --- [main] o.s.w.s.h.BeanNameUrlHandlerMapping      : Rejected bean name 'spring.security-org.springframework.boot.autoconfigure.security.SecurityProperties': no URL paths identified
2018-11-08 09:38:47.899 DEBUG 6552 --- [main] o.s.w.s.h.BeanNameUrlHandlerMapping      : Rejected bean name 'org.springframework.boot.autoconfigure.jdbc.DataSourceTransactionManagerAutoConfiguration$DataSourceTransactionManagerConfiguration': no URL paths identified
2018-11-08 09:38:47.899 DEBUG 6552 --- [main] o.s.w.s.h.BeanNameUrlHandlerMapping      : Rejected bean name 'org.springframework.boot.autoconfigure.jdbc.DataSourceTransactionManagerAutoConfiguration': no URL paths identified
2018-11-08 09:38:47.899 DEBUG 6552 --- [main] o.s.w.s.h.BeanNameUrlHandlerMapping      : Rejected bean name 'org.springframework.transaction.annotation.ProxyTransactionManagementConfiguration': no URL paths identified
2018-11-08 09:38:47.899 DEBUG 6552 --- [main] o.s.w.s.h.BeanNameUrlHandlerMapping      : Rejected bean name 'org.springframework.transaction.config.internalTransactionAdvisor': no URL paths identified
2018-11-08 09:38:47.899 DEBUG 6552 --- [main] o.s.w.s.h.BeanNameUrlHandlerMapping      : Rejected bean name 'transactionAttributeSource': no URL paths identified
2018-11-08 09:38:47.899 DEBUG 6552 --- [main] o.s.w.s.h.BeanNameUrlHandlerMapping      : Rejected bean name 'transactionInterceptor': no URL paths identified
2018-11-08 09:38:47.899 DEBUG 6552 --- [main] o.s.w.s.h.BeanNameUrlHandlerMapping      : Rejected bean name 'org.springframework.transaction.config.internalTransactionalEventListenerFactory': no URL paths identified
2018-11-08 09:38:47.899 DEBUG 6552 --- [main] o.s.w.s.h.BeanNameUrlHandlerMapping      : Rejected bean name 'org.springframework.boot.autoconfigure.transaction.TransactionAutoConfiguration$EnableTransactionManagementConfiguration$CglibAutoProxyConfiguration': no URL paths identified
2018-11-08 09:38:47.899 DEBUG 6552 --- [main] o.s.w.s.h.BeanNameUrlHandlerMapping      : Rejected bean name 'org.springframework.boot.autoconfigure.transaction.TransactionAutoConfiguration$EnableTransactionManagementConfiguration': no URL paths identified
2018-11-08 09:38:47.899 DEBUG 6552 --- [main] o.s.w.s.h.BeanNameUrlHandlerMapping      : Rejected bean name 'org.springframework.boot.autoconfigure.transaction.TransactionAutoConfiguration$TransactionTemplateConfiguration': no URL paths identified
2018-11-08 09:38:47.899 DEBUG 6552 --- [main] o.s.w.s.h.BeanNameUrlHandlerMapping      : Rejected bean name 'transactionTemplate': no URL paths identified
2018-11-08 09:38:47.899 DEBUG 6552 --- [main] o.s.w.s.h.BeanNameUrlHandlerMapping      : Rejected bean name 'org.springframework.boot.autoconfigure.transaction.TransactionAutoConfiguration': no URL paths identified
2018-11-08 09:38:47.899 DEBUG 6552 --- [main] o.s.w.s.h.BeanNameUrlHandlerMapping      : Rejected bean name 'platformTransactionManagerCustomizers': no URL paths identified
2018-11-08 09:38:47.899 DEBUG 6552 --- [main] o.s.w.s.h.BeanNameUrlHandlerMapping      : Rejected bean name 'spring.transaction-org.springframework.boot.autoconfigure.transaction.TransactionProperties': no URL paths identified
2018-11-08 09:38:47.899 DEBUG 6552 --- [main] o.s.w.s.h.BeanNameUrlHandlerMapping      : Rejected bean name 'org.springframework.boot.autoconfigure.web.embedded.EmbeddedWebServerFactoryCustomizerAutoConfiguration$TomcatWebServerFactoryCustomizerConfiguration': no URL paths identified
2018-11-08 09:38:47.899 DEBUG 6552 --- [main] o.s.w.s.h.BeanNameUrlHandlerMapping      : Rejected bean name 'tomcatWebServerFactoryCustomizer': no URL paths identified
2018-11-08 09:38:47.899 DEBUG 6552 --- [main] o.s.w.s.h.BeanNameUrlHandlerMapping      : Rejected bean name 'org.springframework.boot.autoconfigure.web.embedded.EmbeddedWebServerFactoryCustomizerAutoConfiguration': no URL paths identified
2018-11-08 09:38:47.900 DEBUG 6552 --- [main] o.s.w.s.h.BeanNameUrlHandlerMapping      : Rejected bean name 'org.springframework.boot.autoconfigure.web.servlet.HttpEncodingAutoConfiguration': no URL paths identified
2018-11-08 09:38:47.900 DEBUG 6552 --- [main] o.s.w.s.h.BeanNameUrlHandlerMapping      : Rejected bean name 'characterEncodingFilter': no URL paths identified
2018-11-08 09:38:47.900 DEBUG 6552 --- [main] o.s.w.s.h.BeanNameUrlHandlerMapping      : Rejected bean name 'localeCharsetMappingsCustomizer': no URL paths identified
2018-11-08 09:38:47.900 DEBUG 6552 --- [main] o.s.w.s.h.BeanNameUrlHandlerMapping      : Rejected bean name 'org.springframework.boot.autoconfigure.web.servlet.MultipartAutoConfiguration': no URL paths identified
2018-11-08 09:38:47.900 DEBUG 6552 --- [main] o.s.w.s.h.BeanNameUrlHandlerMapping      : Rejected bean name 'multipartConfigElement': no URL paths identified
2018-11-08 09:38:47.900 DEBUG 6552 --- [main] o.s.w.s.h.BeanNameUrlHandlerMapping      : Rejected bean name 'multipartResolver': no URL paths identified
2018-11-08 09:38:47.900 DEBUG 6552 --- [main] o.s.w.s.h.BeanNameUrlHandlerMapping      : Rejected bean name 'spring.servlet.multipart-org.springframework.boot.autoconfigure.web.servlet.MultipartProperties': no URL paths identified
2018-11-08 09:38:47.900 DEBUG 6552 --- [main] o.s.w.s.h.BeanNameUrlHandlerMapping      : Rejected bean name 'org.springframework.boot.actuate.autoconfigure.endpoint.web.ServletEndpointManagementContextConfiguration$WebMvcServletEndpointManagementContextConfiguration': no URL paths identified
2018-11-08 09:38:47.900 DEBUG 6552 --- [main] o.s.w.s.h.BeanNameUrlHandlerMapping      : Rejected bean name 'servletEndpointRegistrar': no URL paths identified
2018-11-08 09:38:47.900 DEBUG 6552 --- [main] o.s.w.s.h.BeanNameUrlHandlerMapping      : Rejected bean name 'org.springframework.boot.actuate.autoconfigure.endpoint.web.ServletEndpointManagementContextConfiguration': no URL paths identified
2018-11-08 09:38:47.900 DEBUG 6552 --- [main] o.s.w.s.h.BeanNameUrlHandlerMapping      : Rejected bean name 'servletExposeExcludePropertyEndpointFilter': no URL paths identified
2018-11-08 09:38:47.900 DEBUG 6552 --- [main] o.s.w.s.h.BeanNameUrlHandlerMapping      : Rejected bean name 'org.springframework.boot.actuate.autoconfigure.endpoint.web.servlet.WebMvcEndpointManagementContextConfiguration': no URL paths identified
2018-11-08 09:38:47.900 DEBUG 6552 --- [main] o.s.w.s.h.BeanNameUrlHandlerMapping      : Rejected bean name 'webEndpointServletHandlerMapping': no URL paths identified
2018-11-08 09:38:47.900 DEBUG 6552 --- [main] o.s.w.s.h.BeanNameUrlHandlerMapping      : Rejected bean name 'controllerEndpointHandlerMapping': no URL paths identified
2018-11-08 09:38:47.900 DEBUG 6552 --- [main] o.s.w.s.h.BeanNameUrlHandlerMapping      : Rejected bean name 'management.endpoints.web.cors-org.springframework.boot.actuate.autoconfigure.endpoint.web.CorsEndpointProperties': no URL paths identified
2018-11-08 09:38:47.900 DEBUG 6552 --- [main] o.s.w.s.h.BeanNameUrlHandlerMapping      : Rejected bean name 'org.springframework.boot.actuate.autoconfigure.web.server.ManagementContextAutoConfiguration$SameManagementContextConfiguration$EnableSameManagementContextConfiguration': no URL paths identified
2018-11-08 09:38:47.900 DEBUG 6552 --- [main] o.s.w.s.h.BeanNameUrlHandlerMapping      : Rejected bean name 'org.springframework.boot.actuate.autoconfigure.web.server.ManagementContextAutoConfiguration$SameManagementContextConfiguration': no URL paths identified
2018-11-08 09:38:47.900 DEBUG 6552 --- [main] o.s.w.s.h.BeanNameUrlHandlerMapping      : Rejected bean name 'org.springframework.boot.actuate.autoconfigure.web.server.ManagementContextAutoConfiguration': no URL paths identified
2018-11-08 09:38:47.900 DEBUG 6552 --- [main] o.s.w.s.h.BeanNameUrlHandlerMapping      : Rejected bean name 'management.server-org.springframework.boot.actuate.autoconfigure.web.server.ManagementServerProperties': no URL paths identified
2018-11-08 09:38:47.901 DEBUG 6552 --- [main] o.s.w.s.h.BeanNameUrlHandlerMapping      : Rejected bean name 'org.springframework.orm.jpa.SharedEntityManagerCreator#0': no URL paths identified
2018-11-08 09:38:47.901 DEBUG 6552 --- [main] o.s.w.s.h.BeanNameUrlHandlerMapping      : Rejected bean name 'autoConfigurationReport': no URL paths identified
2018-11-08 09:38:47.901 DEBUG 6552 --- [main] o.s.w.s.h.BeanNameUrlHandlerMapping      : Rejected bean name 'org.springframework.boot.context.ContextIdApplicationContextInitializer$ContextId': no URL paths identified
2018-11-08 09:38:47.901 DEBUG 6552 --- [main] o.s.w.s.h.BeanNameUrlHandlerMapping      : Rejected bean name 'org.springframework.boot.test.context.filter.TestTypeExcludeFilter': no URL paths identified
2018-11-08 09:38:47.901 DEBUG 6552 --- [main] o.s.w.s.h.BeanNameUrlHandlerMapping      : Rejected bean name 'org.springframework.boot.test.autoconfigure.properties.PropertyMappingContextCustomizer$PropertyMappingCheckBeanPostProcessor': no URL paths identified
2018-11-08 09:38:47.901 DEBUG 6552 --- [main] o.s.w.s.h.BeanNameUrlHandlerMapping      : Rejected bean name 'springApplicationArguments': no URL paths identified
2018-11-08 09:38:47.901 DEBUG 6552 --- [main] o.s.w.s.h.BeanNameUrlHandlerMapping      : Rejected bean name 'springBootBanner': no URL paths identified
2018-11-08 09:38:47.901 DEBUG 6552 --- [main] o.s.w.s.h.BeanNameUrlHandlerMapping      : Rejected bean name 'springBootLoggingSystem': no URL paths identified
2018-11-08 09:38:47.901 DEBUG 6552 --- [main] o.s.w.s.h.BeanNameUrlHandlerMapping      : Rejected bean name 'environment': no URL paths identified
2018-11-08 09:38:47.901 DEBUG 6552 --- [main] o.s.w.s.h.BeanNameUrlHandlerMapping      : Rejected bean name 'systemProperties': no URL paths identified
2018-11-08 09:38:47.901 DEBUG 6552 --- [main] o.s.w.s.h.BeanNameUrlHandlerMapping      : Rejected bean name 'systemEnvironment': no URL paths identified
2018-11-08 09:38:47.901 DEBUG 6552 --- [main] o.s.w.s.h.BeanNameUrlHandlerMapping      : Rejected bean name 'servletContext': no URL paths identified
2018-11-08 09:38:47.901 DEBUG 6552 --- [main] o.s.w.s.h.BeanNameUrlHandlerMapping      : Rejected bean name 'contextParameters': no URL paths identified
2018-11-08 09:38:47.901 DEBUG 6552 --- [main] o.s.w.s.h.BeanNameUrlHandlerMapping      : Rejected bean name 'contextAttributes': no URL paths identified
2018-11-08 09:38:47.901 DEBUG 6552 --- [main] o.s.w.s.h.BeanNameUrlHandlerMapping      : Rejected bean name 'org.springframework.context.annotation.ConfigurationClassPostProcessor.importRegistry': no URL paths identified
2018-11-08 09:38:47.901 DEBUG 6552 --- [main] o.s.w.s.h.BeanNameUrlHandlerMapping      : Rejected bean name 'org.springframework.boot.test.mock.mockito.MockitoBeans': no URL paths identified
2018-11-08 09:38:47.901 DEBUG 6552 --- [main] o.s.w.s.h.BeanNameUrlHandlerMapping      : Rejected bean name 'messageSource': no URL paths identified
2018-11-08 09:38:47.901 DEBUG 6552 --- [main] o.s.w.s.h.BeanNameUrlHandlerMapping      : Rejected bean name 'applicationEventMulticaster': no URL paths identified
2018-11-08 09:38:47.908  INFO 6552 --- [main] o.s.w.s.handler.SimpleUrlHandlerMapping  : Mapped URL path [/webjars/**] onto handler of type [class org.springframework.web.servlet.resource.ResourceHttpRequestHandler]
2018-11-08 09:38:47.908  INFO 6552 --- [main] o.s.w.s.handler.SimpleUrlHandlerMapping  : Mapped URL path [/springbootdemo2/serverresources/**   ] onto handler of type [class org.springframework.web.servlet.resource.ResourceHttpRequestHandler]
2018-11-08 09:38:47.918 DEBUG 6552 --- [main] .m.m.a.ExceptionHandlerExceptionResolver : Looking for exception mappings: org.springframework.web.context.support.GenericWebApplicationContext@1750fbeb: startup date [Thu Nov 08 09:38:44 CST 2018]; root of context hierarchy
2018-11-08 09:38:47.921  INFO 6552 --- [main] .m.m.a.ExceptionHandlerExceptionResolver : Detected @ExceptionHandler methods in myExceptionHandler
2018-11-08 09:38:47.946  INFO 6552 --- [main] o.s.b.a.w.s.WelcomePageHandlerMapping    : Adding welcome page template: index
2018-11-08 09:38:47.982 DEBUG 6552 --- [main] o.m.s.b.a.MybatisAutoConfiguration       : No org.mybatis.spring.mapper.MapperFactoryBean found.
2018-11-08 09:38:48.513  INFO 6552 --- [main] o.s.b.a.e.web.EndpointLinksResolver      : Exposing 2 endpoint(s) beneath base path '/actuator'
2018-11-08 09:38:48.521  INFO 6552 --- [main] s.b.a.e.w.s.WebMvcEndpointHandlerMapping : Mapped "{[/actuator/health],methods=[GET],produces=[application/vnd.spring-boot.actuator.v2+json || application/json]}" onto public java.lang.Object org.springframework.boot.actuate.endpoint.web.servlet.AbstractWebMvcEndpointHandlerMapping$OperationHandler.handle(javax.servlet.http.HttpServletRequest,java.util.Map<java.lang.String, java.lang.String>)
2018-11-08 09:38:48.522  INFO 6552 --- [main] s.b.a.e.w.s.WebMvcEndpointHandlerMapping : Mapped "{[/actuator/info],methods=[GET],produces=[application/vnd.spring-boot.actuator.v2+json || application/json]}" onto public java.lang.Object org.springframework.boot.actuate.endpoint.web.servlet.AbstractWebMvcEndpointHandlerMapping$OperationHandler.handle(javax.servlet.http.HttpServletRequest,java.util.Map<java.lang.String, java.lang.String>)
2018-11-08 09:38:48.523  INFO 6552 --- [main] s.b.a.e.w.s.WebMvcEndpointHandlerMapping : Mapped "{[/actuator],methods=[GET],produces=[application/vnd.spring-boot.actuator.v2+json || application/json]}" onto protected java.util.Map<java.lang.String, java.util.Map<java.lang.String, org.springframework.boot.actuate.endpoint.web.Link>> org.springframework.boot.actuate.endpoint.web.servlet.WebMvcEndpointHandlerMapping.links(javax.servlet.http.HttpServletRequest,javax.servlet.http.HttpServletResponse)
2018-11-08 09:38:48.562 DEBUG 6552 --- [main] o.s.w.c.s.GenericWebApplicationContext   : Unable to locate LifecycleProcessor with name 'lifecycleProcessor': using default [org.springframework.context.support.DefaultLifecycleProcessor@3ec082a1]
2018-11-08 09:38:48.569 DEBUG 6552 --- [main] o.s.w.s.resource.ResourceUrlProvider     : Looking for resource handler mappings
2018-11-08 09:38:48.570 DEBUG 6552 --- [main] o.s.w.s.resource.ResourceUrlProvider     : Found resource handler mapping: URL pattern="/**/favicon.ico", locations=[class path resource [anotherstatic/], ServletContext resource [/], class path resource []], resolvers=[org.springframework.web.servlet.resource.PathResourceResolver@22899683]
2018-11-08 09:38:48.570 DEBUG 6552 --- [main] o.s.w.s.resource.ResourceUrlProvider     : Found resource handler mapping: URL pattern="/webjars/**", locations=[class path resource [META-INF/resources/webjars/]], resolvers=[org.springframework.web.servlet.resource.PathResourceResolver@40017e98]
2018-11-08 09:38:48.570 DEBUG 6552 --- [main] o.s.w.s.resource.ResourceUrlProvider     : Found resource handler mapping: URL pattern="/springbootdemo2/serverresources/**   ", locations=[class path resource [anotherstatic/], ServletContext resource [/]], resolvers=[org.springframework.web.servlet.resource.PathResourceResolver@4fbe486c]
2018-11-08 09:38:48.573  INFO 6552 --- [main] c.g.springbootdemo2.dao.StudentDaoTest   : Started StudentDaoTest in 4.825 seconds (JVM running for 5.457)
2018-11-08 09:38:48.575  INFO 6552 --- [main] Student{id=0, name='null'}               : student is run()
2018-11-08 09:38:48.575  INFO 6552 --- [main] Student{id=0, name='null'}               : student.name : 4c5dc65b-6c0d-481a-8004-f7fb4e6fdf6e
2018-11-08 09:38:48.575  INFO 6552 --- [main] Student{id=0, name='null'}               : student.id : 1212
2018-11-08 09:38:48.660  INFO 6552 --- [Thread-2] o.s.w.c.s.GenericWebApplicationContext   : Closing org.springframework.web.context.support.GenericWebApplicationContext@1750fbeb: startup date [Thu Nov 08 09:38:44 CST 2018]; root of context hierarchy
2018-11-08 09:38:48.665  INFO 6552 --- [Thread-2] j.LocalContainerEntityManagerFactoryBean : Closing JPA EntityManagerFactory for persistence unit 'default'
2018-11-08 09:38:48.668  INFO 6552 --- [Thread-2] com.alibaba.druid.pool.DruidDataSource   : {dataSource-1} closed
