2018-09-17 15:07:13.340  INFO 6332 --- [main] c.g.s.Springbootdemo2Application         : Starting Springbootdemo2Application on W with PID 6332 (started by Administrator in F:\格力电器项目\服务器项目\JavaProject\springbootdemo2)
2018-09-17 15:07:13.341  INFO 6332 --- [main] c.g.s.Springbootdemo2Application         : The following profiles are active: development,developementolder
2018-09-17 15:07:13.367  INFO 6332 --- [main] ConfigServletWebServerApplicationContext : Refreshing org.springframework.boot.web.servlet.context.AnnotationConfigServletWebServerApplicationContext@1534f01b: startup date [Mon Sep 17 15:07:13 CST 2018]; root of context hierarchy
2018-09-17 15:07:13.932  INFO 6332 --- [main] o.s.b.w.embedded.tomcat.TomcatWebServer  : Tomcat initialized with port(s): 8080 (http)
2018-09-17 15:07:13.945  INFO 6332 --- [main] o.apache.catalina.core.StandardService   : Starting service [Tomcat]
2018-09-17 15:07:13.945  INFO 6332 --- [main] org.apache.catalina.core.StandardEngine  : Starting Servlet Engine: Apache Tomcat/8.5.32
2018-09-17 15:07:13.948  INFO 6332 --- [localhost-startStop-1] o.a.catalina.core.AprLifecycleListener   : The APR based Apache Tomcat Native library which allows optimal performance in production environments was not found on the java.library.path: [C:\Program Files\Java\jdk1.8.0_60\bin;C:\Windows\Sun\Java\bin;C:\Windows\system32;C:\Windows;C:\ProgramData\Oracle\Java\javapath;C:\PROGRA~1\PTC\MKSTOO~1\bin64;C:\PROGRA~1\PTC\MKSTOO~1\bin;C:\PROGRA~1\PTC\MKSTOO~1\bin\X11;C:\PROGRA~1\PTC\MKSTOO~1\mksnt;C:\Windows\system32;C:\Windows;C:\Windows\System32\Wbem;C:\Windows\System32\WindowsPowerShell\v1.0\;I:\Windows7Master;C:\Program Files\Java\jdk1.8.0_60\bin;C:\Program Files\Java\jdk1.8.0_60\jre\bin;C:\Program Files (x86)\MySQL\MySQL Fabric 1.5.2 & MySQL Utilities 1.5.2 1.5\;C:\Program Files (x86)\MySQL\MySQL Fabric 1.5.2 & MySQL Utilities 1.5.2 1.5\Doctrine extensions for PHP\;E:\开发软件\服务器开发软件\aboutServer\maven\apache-maven-3.5.4\bin;;E:\开发软件\服;器开发软件\aboutServer\Git\cmd;;;E:\开发软件\服务器开发软件\aboutServer\Git\cmd;;E:\开发软件\服务器开发软件\aboutServer\dockertools\Docker Toolbox;;;E:\开发软件\;务器开发软件\aboutServer\dockertools\Docker Toolbox;;;E:\;发软件\服务器开发软件\aboutServer\dockertools\Docker Toolbox;;;E:\开发软件;服务器开发软件\aboutServer\dockertools\Docker Toolbox;;;E:\开;软件\服务器开发软件\aboutServer\dockertools\Docker Toolbox;;;E:\开发软;\服务器开发软件\aboutServer\dockertools\Docker Toolbox;;.]
2018-09-17 15:07:14.073  INFO 6332 --- [localhost-startStop-1] org.apache.jasper.servlet.TldScanner     : At least one JAR was scanned for TLDs yet contained no TLDs. Enable debug logging for this logger for a complete list of JARs that were scanned but no TLDs were found in them. Skipping unneeded JARs during scanning can improve startup time and JSP compilation time.
2018-09-17 15:07:14.076  INFO 6332 --- [localhost-startStop-1] o.a.c.c.C.[Tomcat].[localhost].[/]       : Initializing Spring embedded WebApplicationContext
2018-09-17 15:07:14.076  INFO 6332 --- [localhost-startStop-1] o.s.web.context.ContextLoader            : Root WebApplicationContext: initialization completed in 709 ms
2018-09-17 15:07:14.105  INFO 6332 --- [localhost-startStop-1] o.s.b.w.servlet.ServletRegistrationBean  : Servlet dispatcherServlet mapped to [/]
2018-09-17 15:07:14.107  INFO 6332 --- [localhost-startStop-1] o.s.b.w.servlet.FilterRegistrationBean   : Mapping filter: 'characterEncodingFilter' to: [/*]
2018-09-17 15:07:14.107  INFO 6332 --- [localhost-startStop-1] o.s.b.w.servlet.FilterRegistrationBean   : Mapping filter: 'hiddenHttpMethodFilter' to: [/*]
2018-09-17 15:07:14.107  INFO 6332 --- [localhost-startStop-1] o.s.b.w.servlet.FilterRegistrationBean   : Mapping filter: 'httpPutFormContentFilter' to: [/*]
2018-09-17 15:07:14.107  INFO 6332 --- [localhost-startStop-1] o.s.b.w.servlet.FilterRegistrationBean   : Mapping filter: 'requestContextFilter' to: [/*]
2018-09-17 15:07:14.195  INFO 6332 --- [main] com.greer.springbootdemo2.bean.Person    : 构造方法属性依赖注入
2018-09-17 15:07:14.198  INFO 6332 --- [main] com.greer.springbootdemo2.bean.Person    : person 属性依赖注入id 
2018-09-17 15:07:14.244  INFO 6332 --- [main] o.s.w.s.handler.SimpleUrlHandlerMapping  : Mapped URL path [/**/favicon.ico] onto handler of type [class org.springframework.web.servlet.resource.ResourceHttpRequestHandler]
2018-09-17 15:07:14.333  INFO 6332 --- [main] s.w.s.m.m.a.RequestMappingHandlerAdapter : Looking for @ControllerAdvice: org.springframework.boot.web.servlet.context.AnnotationConfigServletWebServerApplicationContext@1534f01b: startup date [Mon Sep 17 15:07:13 CST 2018]; root of context hierarchy
2018-09-17 15:07:14.359  INFO 6332 --- [main] s.w.s.m.m.a.RequestMappingHandlerMapping : Mapped "{[/index]}" onto public java.lang.String com.greer.springbootdemo2.controller.IndexController.index()
2018-09-17 15:07:14.362  INFO 6332 --- [main] s.w.s.m.m.a.RequestMappingHandlerMapping : Mapped "{[/error]}" onto public org.springframework.http.ResponseEntity<java.util.Map<java.lang.String, java.lang.Object>> org.springframework.boot.autoconfigure.web.servlet.error.BasicErrorController.error(javax.servlet.http.HttpServletRequest)
2018-09-17 15:07:14.363  INFO 6332 --- [main] s.w.s.m.m.a.RequestMappingHandlerMapping : Mapped "{[/error],produces=[text/html]}" onto public org.springframework.web.servlet.ModelAndView org.springframework.boot.autoconfigure.web.servlet.error.BasicErrorController.errorHtml(javax.servlet.http.HttpServletRequest,javax.servlet.http.HttpServletResponse)
2018-09-17 15:07:14.375  INFO 6332 --- [main] o.s.w.s.handler.SimpleUrlHandlerMapping  : Mapped URL path [/webjars/**] onto handler of type [class org.springframework.web.servlet.resource.ResourceHttpRequestHandler]
2018-09-17 15:07:14.375  INFO 6332 --- [main] o.s.w.s.handler.SimpleUrlHandlerMapping  : Mapped URL path [/**] onto handler of type [class org.springframework.web.servlet.resource.ResourceHttpRequestHandler]
2018-09-17 15:07:14.398  INFO 6332 --- [main] o.s.b.a.w.s.WelcomePageHandlerMapping    : Adding welcome page template: index
2018-09-17 15:07:14.451  INFO 6332 --- [main] o.s.j.e.a.AnnotationMBeanExporter        : Registering beans for JMX exposure on startup
2018-09-17 15:07:14.488  INFO 6332 --- [main] o.s.b.w.embedded.tomcat.TomcatWebServer  : Tomcat started on port(s): 8080 (http) with context path ''
2018-09-17 15:07:14.490  INFO 6332 --- [main] c.g.s.Springbootdemo2Application         : Started Springbootdemo2Application in 1.388 seconds (JVM running for 1.81)
2018-09-17 15:07:14.492  INFO 6332 --- [main] Student{id=0, name='null'}               : student is run()
2018-09-17 15:07:14.492  INFO 6332 --- [main] Student{id=0, name='null'}               : student.name : a750b2fb-be3b-4327-8192-f173c1df05d8
2018-09-17 15:07:14.492  INFO 6332 --- [main] Student{id=0, name='null'}               : student.id : 1212
