2018-09-17 15:07:32.455  INFO 2452 --- [main] c.g.s.Springbootdemo2Application         : Starting Springbootdemo2Application on W with PID 2452 (started by Administrator in F:\格力电器项目\服务器项目\JavaProject\springbootdemo2)
2018-09-17 15:07:32.457  INFO 2452 --- [main] c.g.s.Springbootdemo2Application         : The following profiles are active: development,developementolder
2018-09-17 15:07:32.482  INFO 2452 --- [main] ConfigServletWebServerApplicationContext : Refreshing org.springframework.boot.web.servlet.context.AnnotationConfigServletWebServerApplicationContext@65466a6a: startup date [Mon Sep 17 15:07:32 CST 2018]; root of context hierarchy
2018-09-17 15:07:33.032  INFO 2452 --- [main] o.s.b.w.embedded.tomcat.TomcatWebServer  : Tomcat initialized with port(s): 8080 (http)
2018-09-17 15:07:33.045  INFO 2452 --- [main] o.apache.catalina.core.StandardService   : Starting service [Tomcat]
2018-09-17 15:07:33.045  INFO 2452 --- [main] org.apache.catalina.core.StandardEngine  : Starting Servlet Engine: Apache Tomcat/8.5.32
2018-09-17 15:07:33.048  INFO 2452 --- [localhost-startStop-1] o.a.catalina.core.AprLifecycleListener   : The APR based Apache Tomcat Native library which allows optimal performance in production environments was not found on the java.library.path: [C:\Program Files\Java\jdk1.8.0_60\bin;C:\Windows\Sun\Java\bin;C:\Windows\system32;C:\Windows;C:\ProgramData\Oracle\Java\javapath;C:\PROGRA~1\PTC\MKSTOO~1\bin64;C:\PROGRA~1\PTC\MKSTOO~1\bin;C:\PROGRA~1\PTC\MKSTOO~1\bin\X11;C:\PROGRA~1\PTC\MKSTOO~1\mksnt;C:\Windows\system32;C:\Windows;C:\Windows\System32\Wbem;C:\Windows\System32\WindowsPowerShell\v1.0\;I:\Windows7Master;C:\Program Files\Java\jdk1.8.0_60\bin;C:\Program Files\Java\jdk1.8.0_60\jre\bin;C:\Program Files (x86)\MySQL\MySQL Fabric 1.5.2 & MySQL Utilities 1.5.2 1.5\;C:\Program Files (x86)\MySQL\MySQL Fabric 1.5.2 & MySQL Utilities 1.5.2 1.5\Doctrine extensions for PHP\;E:\开发软件\服务器开发软件\aboutServer\maven\apache-maven-3.5.4\bin;;E:\开发软件\服;器开发软件\aboutServer\Git\cmd;;;E:\开发软件\服务器开发软件\aboutServer\Git\cmd;;E:\开发软件\服务器开发软件\aboutServer\dockertools\Docker Toolbox;;;E:\开发软件\;务器开发软件\aboutServer\dockertools\Docker Toolbox;;;E:\;发软件\服务器开发软件\aboutServer\dockertools\Docker Toolbox;;;E:\开发软件;服务器开发软件\aboutServer\dockertools\Docker Toolbox;;;E:\开;软件\服务器开发软件\aboutServer\dockertools\Docker Toolbox;;;E:\开发软;\服务器开发软件\aboutServer\dockertools\Docker Toolbox;;.]
2018-09-17 15:07:33.176  INFO 2452 --- [localhost-startStop-1] org.apache.jasper.servlet.TldScanner     : At least one JAR was scanned for TLDs yet contained no TLDs. Enable debug logging for this logger for a complete list of JARs that were scanned but no TLDs were found in them. Skipping unneeded JARs during scanning can improve startup time and JSP compilation time.
2018-09-17 15:07:33.178  INFO 2452 --- [localhost-startStop-1] o.a.c.c.C.[Tomcat].[localhost].[/]       : Initializing Spring embedded WebApplicationContext
2018-09-17 15:07:33.178  INFO 2452 --- [localhost-startStop-1] o.s.web.context.ContextLoader            : Root WebApplicationContext: initialization completed in 696 ms
2018-09-17 15:07:33.207  INFO 2452 --- [localhost-startStop-1] o.s.b.w.servlet.ServletRegistrationBean  : Servlet dispatcherServlet mapped to [/]
2018-09-17 15:07:33.209  INFO 2452 --- [localhost-startStop-1] o.s.b.w.servlet.FilterRegistrationBean   : Mapping filter: 'characterEncodingFilter' to: [/*]
2018-09-17 15:07:33.210  INFO 2452 --- [localhost-startStop-1] o.s.b.w.servlet.FilterRegistrationBean   : Mapping filter: 'hiddenHttpMethodFilter' to: [/*]
2018-09-17 15:07:33.210  INFO 2452 --- [localhost-startStop-1] o.s.b.w.servlet.FilterRegistrationBean   : Mapping filter: 'httpPutFormContentFilter' to: [/*]
2018-09-17 15:07:33.210  INFO 2452 --- [localhost-startStop-1] o.s.b.w.servlet.FilterRegistrationBean   : Mapping filter: 'requestContextFilter' to: [/*]
2018-09-17 15:07:33.298  INFO 2452 --- [main] com.greer.springbootdemo2.bean.Person    : 构造方法属性依赖注入
2018-09-17 15:07:33.301  INFO 2452 --- [main] com.greer.springbootdemo2.bean.Person    : person 属性依赖注入id 
2018-09-17 15:07:33.349  INFO 2452 --- [main] o.s.w.s.handler.SimpleUrlHandlerMapping  : Mapped URL path [/**/favicon.ico] onto handler of type [class org.springframework.web.servlet.resource.ResourceHttpRequestHandler]
2018-09-17 15:07:33.438  INFO 2452 --- [main] s.w.s.m.m.a.RequestMappingHandlerAdapter : Looking for @ControllerAdvice: org.springframework.boot.web.servlet.context.AnnotationConfigServletWebServerApplicationContext@65466a6a: startup date [Mon Sep 17 15:07:32 CST 2018]; root of context hierarchy
2018-09-17 15:07:33.465  INFO 2452 --- [main] s.w.s.m.m.a.RequestMappingHandlerMapping : Mapped "{[/index]}" onto public java.lang.String com.greer.springbootdemo2.controller.IndexController.index()
2018-09-17 15:07:33.469  INFO 2452 --- [main] s.w.s.m.m.a.RequestMappingHandlerMapping : Mapped "{[/error]}" onto public org.springframework.http.ResponseEntity<java.util.Map<java.lang.String, java.lang.Object>> org.springframework.boot.autoconfigure.web.servlet.error.BasicErrorController.error(javax.servlet.http.HttpServletRequest)
2018-09-17 15:07:33.469  INFO 2452 --- [main] s.w.s.m.m.a.RequestMappingHandlerMapping : Mapped "{[/error],produces=[text/html]}" onto public org.springframework.web.servlet.ModelAndView org.springframework.boot.autoconfigure.web.servlet.error.BasicErrorController.errorHtml(javax.servlet.http.HttpServletRequest,javax.servlet.http.HttpServletResponse)
2018-09-17 15:07:33.481  INFO 2452 --- [main] o.s.w.s.handler.SimpleUrlHandlerMapping  : Mapped URL path [/webjars/**] onto handler of type [class org.springframework.web.servlet.resource.ResourceHttpRequestHandler]
2018-09-17 15:07:33.481  INFO 2452 --- [main] o.s.w.s.handler.SimpleUrlHandlerMapping  : Mapped URL path [/**] onto handler of type [class org.springframework.web.servlet.resource.ResourceHttpRequestHandler]
2018-09-17 15:07:33.503  INFO 2452 --- [main] o.s.b.a.w.s.WelcomePageHandlerMapping    : Adding welcome page template: index
2018-09-17 15:07:33.560  INFO 2452 --- [main] o.s.j.e.a.AnnotationMBeanExporter        : Registering beans for JMX exposure on startup
2018-09-17 15:07:33.599  INFO 2452 --- [main] o.s.b.w.embedded.tomcat.TomcatWebServer  : Tomcat started on port(s): 8080 (http) with context path ''
2018-09-17 15:07:33.601  INFO 2452 --- [main] c.g.s.Springbootdemo2Application         : Started Springbootdemo2Application in 1.394 seconds (JVM running for 1.833)
2018-09-17 15:07:33.602  INFO 2452 --- [main] Student{id=0, name='null'}               : student is run()
2018-09-17 15:07:33.602  INFO 2452 --- [main] Student{id=0, name='null'}               : student.name : 9b47f63d-410d-42a0-93e8-a881dfcbeac9
2018-09-17 15:07:33.602  INFO 2452 --- [main] Student{id=0, name='null'}               : student.id : 1212
